#
# A fatal error has been detected by the Java Runtime Environment:
#
#  Internal Error (jvmciRuntime.cpp:1609), pid=235, tid=249
#  fatal error: Fatal exception in JVMCI: Error calling jdk.vm.ci.services.Services.serializeSavedProperties
#
# JRE version: OpenJDK Runtime Environment GraalVM CE 22.3.0 (17.0.5+8) (build 17.0.5+8-jvmci-22.3-b08)
# Java VM: OpenJDK 64-Bit Server VM GraalVM CE 22.3.0 (17.0.5+8-jvmci-22.3-b08, mixed mode, sharing, tiered, jvmci, jvmci compiler, compressed oops, compressed class ptrs, parallel gc, linux-amd64)
# Problematic frame:
# V  [libjvm.so+0x972714]  JVMCIRuntime::fatal_exception(JVMCIEnv*, char const*)+0x74
#
# Core dump will be written. Default location: Core dumps may be processed with "/usr/share/apport/apport -p%p -s%s -c%c -d%d -P%P -u%u -g%g -- %E" (or dumping to /home/runner/prayyoudontgetbeatRPG/core.235)
#
# If you would like to submit a bug report, please visit:
#   https://github.com/oracle/graal/issues
#

---------------  S U M M A R Y ------------

Command Line: -XX:ThreadPriorityPolicy=1 -XX:+UnlockExperimentalVMOptions -XX:+EnableJVMCIProduct -XX:JVMCIThreadsPerNativeLibraryRuntime=1 -XX:-UnlockExperimentalVMOptions -Declipse.application=org.eclipse.jdt.ls.core.id1 -Dosgi.bundles.defaultStartLevel=4 -Declipse.product=org.eclipse.jdt.ls.core.product -Dlog.level=ALL -Xverify:none -XX:+UseParallelGC -XX:GCTimeRatio=4 -XX:AdaptiveSizePolicyWeight=90 -Dsun.zip.disableMemoryMapping=true -Xmx512m -Xms100m /nix/store/m6gcpi1ii6rghy04cjwjddcavv7i90df-jdt-language-server-1.9.0/share/java/plugins/org.eclipse.equinox.launcher_1.6.400.v20210924-0641.jar --add-modules=ALL-SYSTEM --add-opens java.base/java.util=ALL-UNNAMED --add-opens java.base/java.lang=ALL-UNNAMED -configuration /home/runner/.cache/jdt-language-server/config -data /home/runner/.cache/jdt-language-server/data/home/runner/prayyoudontgetbeatRPG

Host: AMD EPYC 7B12, 8 cores, 1G, Ubuntu 20.04.2 LTS
Time: Fri May 26 18:09:55 2023 UTC elapsed time: 1452.320901 seconds (0d 0h 24m 12s)

---------------  T H R E A D  ---------------

Current thread (0x00007fa9400b21e0):  JavaThread "JVMCI-native CompilerThread0" daemon [_thread_in_vm, id=249, stack(0x00007fa924c48000,0x00007fa924e48000)]


Current CompileTask:
JVMCI-native:1452321 11008       4       org.eclipse.jdt.internal.compiler.codegen.ConstantPool::writeU1 (38 bytes)

Stack: [0x00007fa924c48000,0x00007fa924e48000],  sp=0x00007fa924e46380,  free space=2040k
Native frames: (J=compiled Java code, j=interpreted, Vv=VM code, C=native code)
V  [libjvm.so+0x972714]  JVMCIRuntime::fatal_exception(JVMCIEnv*, char const*)+0x74
V  [libjvm.so+0x93e2fe]  JVMCIEnv::copy_saved_properties()+0x14e
V  [libjvm.so+0x9732a9]  JVMCIRuntime::initialize(JVMCIEnv*)+0xb19
V  [libjvm.so+0x9738a2]  JVMCIRuntime::get_HotSpotJVMCIRuntime(JVMCIEnv*)+0x12
V  [libjvm.so+0x9749f2]  JVMCIRuntime::compile_method(JVMCIEnv*, JVMCICompiler*, methodHandle const&, int)+0xd2
V  [libjvm.so+0x5b0d20]  CompileBroker::invoke_compiler_on_method(CompileTask*)+0x1470
V  [libjvm.so+0x5b12e8]  CompileBroker::compiler_thread_loop()+0x528
V  [libjvm.so+0xd82460]  JavaThread::thread_main_inner()+0xd0
V  [libjvm.so+0xd85a40]  Thread::call_run()+0xc0
V  [libjvm.so+0xbdb1e1]  thread_native_entry(Thread*)+0xe1

Register to memory mapping:

RAX=0x00007fa94492f000 points into unknown readable memory: 0x0000000000000058 | 58 00 00 00 00 00 00 00
RBX=0x00007fa945a2a398: <offset 0x0000000000ef5398> in /nix/store/gpxl5qgg8kicmcvivwmybwjlpf7wh20l-graalvm17-ce-22.3.0/lib/server/libjvm.so at 0x00007fa944b35000
RCX=0x00007fa9459e21e8: <offset 0x0000000000ead1e8> in /nix/store/gpxl5qgg8kicmcvivwmybwjlpf7wh20l-graalvm17-ce-22.3.0/lib/server/libjvm.so at 0x00007fa944b35000
RDX=0x0000000000000649 is an unknown value
RSP=0x00007fa924e46380 is pointing into the stack for thread: 0x00007fa9400b21e0
RBP=0x00007fa924e463a0 is pointing into the stack for thread: 0x00007fa9400b21e0
RSI=0x00007fa945a2ac48: <offset 0x0000000000ef5c48> in /nix/store/gpxl5qgg8kicmcvivwmybwjlpf7wh20l-graalvm17-ce-22.3.0/lib/server/libjvm.so at 0x00007fa944b35000
RDI=0x00000000e0000000 is an oop: java.util.jar.Attributes 
{0x00000000e0000000} - klass: 'java/util/jar/Attributes'
 - ---- fields (total size 2 words):
 - protected 'map' 'Ljava/util/Map;' @12  a 'java/util/LinkedHashMap'{0x00000000e0000010} (e0000010)
R8 =0x00007fa945a2a398: <offset 0x0000000000ef5398> in /nix/store/gpxl5qgg8kicmcvivwmybwjlpf7wh20l-graalvm17-ce-22.3.0/lib/server/libjvm.so at 0x00007fa944b35000
R9 =0x00007fa924e46330 is pointing into the stack for thread: 0x00007fa9400b21e0
R10=0x00007fa924e47948 is pointing into the stack for thread: 0x00007fa9400b21e0
R11=0x0000000000000293 is an unknown value
R12=0x0 is NULL
R13=0x00007fa9400b21e0 is a thread
R14=0x00007fa940000b80 points into unknown readable memory: 0x00007fa945c5ba38 | 38 ba c5 45 a9 7f 00 00
R15=0x00007fa945d69e40: <offset 0x0000000001234e40> in /nix/store/gpxl5qgg8kicmcvivwmybwjlpf7wh20l-graalvm17-ce-22.3.0/lib/server/libjvm.so at 0x00007fa944b35000


Registers:
RAX=0x00007fa94492f000, RBX=0x00007fa945a2a398, RCX=0x00007fa9459e21e8, RDX=0x0000000000000649
RSP=0x00007fa924e46380, RBP=0x00007fa924e463a0, RSI=0x00007fa945a2ac48, RDI=0x00000000e0000000
R8 =0x00007fa945a2a398, R9 =0x00007fa924e46330, R10=0x00007fa924e47948, R11=0x0000000000000293
R12=0x0000000000000000, R13=0x00007fa9400b21e0, R14=0x00007fa940000b80, R15=0x00007fa945d69e40
RIP=0x00007fa9454a7714, EFLAGS=0x0000000000010206, CSGSFS=0x002b000000000033, ERR=0x0000000000000006
  TRAPNO=0x000000000000000e

Top of Stack: (sp=0x00007fa924e46380)
0x00007fa924e46380:   00007fa924e46940 00007fa9400b21e0
0x00007fa924e46390:   00007fa9442c08c8 0000000800c413b0
0x00007fa924e463a0:   00007fa924e46500 00007fa9454732fe
0x00007fa924e463b0:   00007fa924e463e0 00007fa924e46440 

Instructions: (pc=0x00007fa9454a7714)
0x00007fa9454a7614:   30 e8 f6 cf e8 ff 4c 89 e7 e8 2e 48 d1 ff 84 db
0x00007fa9454a7624:   75 2a 4d 85 ed 74 04 4d 8b 6d 00 48 83 c4 08 44
0x00007fa9454a7634:   89 f9 4c 89 f2 4c 89 ee 5b 4c 89 e7 41 5c 41 5d
0x00007fa9454a7644:   41 5e 41 5f 5d e9 e2 47 d1 ff 66 90 48 83 c4 08
0x00007fa9454a7654:   5b 41 5c 41 5d 41 5e 41 5f 5d c3 90 31 d2 be 08
0x00007fa9454a7664:   00 00 00 4c 89 ff e8 b1 78 a3 ff 49 89 c5 e9 37
0x00007fa9454a7674:   ff ff ff 66 0f 1f 84 00 00 00 00 00 48 8b 7a 08
0x00007fa9454a7684:   e9 6d ff ff ff 0f 1f 80 00 00 00 00 e8 5b 48 0a
0x00007fa9454a7694:   00 84 c0 75 89 e9 6a ff ff ff 66 90 55 48 89 e5
0x00007fa9454a76a4:   41 56 41 55 41 54 49 89 fc 53 48 89 f3 66 48 8d
0x00007fa9454a76b4:   3d 27 5e 85 00 66 66 48 e8 df 43 8d ff 4c 8b 28
0x00007fa9454a76c4:   8b 05 be 72 8a 00 85 c0 75 14 ba 01 00 00 00 48
0x00007fa9454a76d4:   8d 0d ae 72 8a 00 f0 0f b1 11 85 c0 74 4e be c8
0x00007fa9454a76e4:   00 00 00 4c 89 ef e8 01 0b 41 00 48 8d 05 12 ac
0x00007fa9454a76f4:   85 00 49 89 d8 48 8d 0d e8 aa 53 00 ba 49 06 00
0x00007fa9454a7704:   00 48 8d 35 3c 35 58 00 bf 00 00 00 e0 48 8b 00
0x00007fa9454a7714:   c6 00 58 31 c0 e8 e2 91 c6 ff 5b 41 5c 41 5d 41
0x00007fa9454a7724:   5e 5d e9 55 34 26 00 0f 1f 44 00 00 48 8d 05 81
0x00007fa9454a7734:   a3 8b 00 48 89 df 4c 8b 30 e8 9e 43 8d ff 48 89
0x00007fa9454a7744:   de 48 89 c2 49 8b 06 4c 89 f7 ff 50 08 4c 89 f7
0x00007fa9454a7754:   e8 a7 5c 27 00 4d 85 e4 74 12 be 01 00 00 00 4c
0x00007fa9454a7764:   89 e7 e8 35 43 fc ff eb 82 0f 1f 00 be 01 00 00
0x00007fa9454a7774:   00 4c 89 ef e8 d3 fd ff ff e9 6d ff ff ff 66 66
0x00007fa9454a7784:   2e 0f 1f 84 00 00 00 00 00 0f 1f 00 55 48 89 e5
0x00007fa9454a7794:   41 57 41 56 41 55 41 54 53 48 81 ec 08 02 00 00
0x00007fa9454a77a4:   64 48 8b 04 25 28 00 00 00 48 89 45 c8 8b 07 83
0x00007fa9454a77b4:   f8 02 0f 84 11 04 00 00 4c 8b 6f 18 49 89 ff 49
0x00007fa9454a77c4:   89 f4 4d 85 ed 74 14 4c 89 ef e8 5d 57 22 00 41
0x00007fa9454a77d4:   8b 07 83 f8 02 0f 84 19 04 00 00 48 8d 1d 9a 06
0x00007fa9454a77e4:   8a 00 4c 8d 35 0b 3c 58 00 eb 38 90 48 85 d2 7f
0x00007fa9454a77f4:   0d 48 8d 05 b4 c0 85 00 48 83 38 00 7e 0e 41 8b
0x00007fa9454a7804:   77 2c 4c 89 f7 31 c0 e8 a0 b2 f7 ff 49 8b 7f 18 


Stack slot to memory mapping:
stack at sp + 0 slots: 0x00007fa924e46940 is pointing into the stack for thread: 0x00007fa9400b21e0
stack at sp + 1 slots: 0x00007fa9400b21e0 is a thread
stack at sp + 2 slots: 0x00007fa9442c08c8 points into unknown readable memory: 0x6573001880c9ffff | ff ff c9 80 18 00 73 65
stack at sp + 3 slots: 0x0000000800c413b0 is a pointer to class: 
jdk.vm.ci.services.Services {0x0000000800c413b0}
 - instance size:     2
 - klass size:        65
 - access:            public final synchronized 
 - state:             fully_initialized
 - name:              'jdk/vm/ci/services/Services'
 - super:             'java/lang/Object'
 - sub:               
 - arrays:            NULL
 - methods:           Array<T>(0x00007fa92583c5d0)
 - method ordering:   Array<T>(0x0000000800928960)
 - default_methods:   Array<T>(0x0000000000000000)
 - local interfaces:  Array<T>(0x00000008005ce810)
 - trans. interfaces: Array<T>(0x00000008005ce810)
 - constants:         constant pool [427] {0x00007fa92583b540} for 'jdk/vm/ci/services/Services' cache=0x00007fa92583d9b8
 - class loader data:  loader data: 0x00007fa9400283f0 of 'bootstrap'
 - source file:       'Services.java'
 - class annotations:       Array<T>(0x0000000000000000)
 - class type annotations:  Array<T>(0x0000000000000000)
 - field annotations:       Array<T>(0x0000000000000000)
 - field type annotations:  Array<T>(0x0000000000000000)
 - inner classes:     Array<T>(0x00007fa92583d950)
 - nest members:     Array<T>(0x00007fa92583d970)
 - permitted subclasses:     Array<T>(0x00000008005ce7a0)
 - java mirror:       a 'java/lang/Class'{0x00000000e02a0080} = 'jdk/vm/ci/services/Services'
 - vtable length      5  (start addr: 0x0000000800c41580)
 - itable length      2 (start addr: 0x0000000800c415a8)
 - ---- static fields (3 words):
 - public static final 'IS_BUILDING_NATIVE_IMAGE' 'Z' @128 
 - public static final 'IS_IN_NATIVE_IMAGE' 'Z' @129 
 - private static volatile 'savedProperties' 'Ljava/util/Map;' @112 
 - static final 'JVMCI_ENABLED' 'Z' @130 
 - private static final 'servicesCache' 'Ljava/util/Map;' @116 
 - private static final 'MAX_UNICODE_IN_UTF8_LENGTH' 'I' @120 
 - private static final 'MAX_UTF8_PROPERTY_STRING_LENGTH' 'I' @124 
 - ---- non-static fields (0 words):
 - non-static oop maps: 
stack at sp + 4 slots: 0x00007fa924e46500 is pointing into the stack for thread: 0x00007fa9400b21e0
stack at sp + 5 slots: 0x00007fa9454732fe: <offset 0x000000000093e2fe> in /nix/store/gpxl5qgg8kicmcvivwmybwjlpf7wh20l-graalvm17-ce-22.3.0/lib/server/libjvm.so at 0x00007fa944b35000
stack at sp + 6 slots: 0x00007fa924e463e0 is pointing into the stack for thread: 0x00007fa9400b21e0
stack at sp + 7 slots: 0x00007fa924e46440 is pointing into the stack for thread: 0x00007fa9400b21e0


---------------  P R O C E S S  ---------------

Threads class SMR info:
_java_thread_list=0x00007fa8cc04afa0, length=24, elements={
0x00007fa940026690, 0x00007fa9400a64d0, 0x00007fa9400a7910, 0x00007fa9400ae050,
0x00007fa9400af400, 0x00007fa9400b07f0, 0x00007fa9400b21e0, 0x00007fa9400b36f0,
0x00007fa9400b4b40, 0x00007fa9400dfec0, 0x00007fa9401282d0, 0x00007fa940346850,
0x00007fa94038e990, 0x00007fa9403916e0, 0x00007fa8d402be10, 0x00007fa8d4404090,
0x00007fa8d4486c60, 0x00007fa8c40010d0, 0x00007fa8c400df60, 0x00007fa8d467adb0,
0x00007fa8d46da740, 0x00007fa94019b8a0, 0x00007fa940401fd0, 0x00007fa8bc0011d0
}

Java Threads: ( => current thread )
  0x00007fa940026690 JavaThread "main" [_thread_blocked, id=241, stack(0x00007fa944950000,0x00007fa944a50000)]
  0x00007fa9400a64d0 JavaThread "Reference Handler" daemon [_thread_blocked, id=244, stack(0x00007fa92552e000,0x00007fa92562e000)]
  0x00007fa9400a7910 JavaThread "Finalizer" daemon [_thread_blocked, id=245, stack(0x00007fa92542e000,0x00007fa92552e000)]
  0x00007fa9400ae050 JavaThread "Signal Dispatcher" daemon [_thread_blocked, id=246, stack(0x00007fa925048000,0x00007fa925148000)]
  0x00007fa9400af400 JavaThread "Service Thread" daemon [_thread_blocked, id=247, stack(0x00007fa924f48000,0x00007fa925048000)]
  0x00007fa9400b07f0 JavaThread "Monitor Deflation Thread" daemon [_thread_blocked, id=248, stack(0x00007fa924e48000,0x00007fa924f48000)]
=>0x00007fa9400b21e0 JavaThread "JVMCI-native CompilerThread0" daemon [_thread_in_vm, id=249, stack(0x00007fa924c48000,0x00007fa924e48000)]
  0x00007fa9400b36f0 JavaThread "C1 CompilerThread0" daemon [_thread_blocked, id=250, stack(0x00007fa924a48000,0x00007fa924c48000)]
  0x00007fa9400b4b40 JavaThread "Sweeper thread" daemon [_thread_blocked, id=251, stack(0x00007fa924948000,0x00007fa924a48000)]
  0x00007fa9400dfec0 JavaThread "Common-Cleaner" daemon [_thread_blocked, id=252, stack(0x00007fa924848000,0x00007fa924948000)]
  0x00007fa9401282d0 JavaThread "Notification Thread" daemon [_thread_blocked, id=254, stack(0x00007fa924748000,0x00007fa924848000)]
  0x00007fa940346850 JavaThread "Active Thread: Equinox Container: 53194fee-2d09-46ff-aaac-7113f65f3449" [_thread_blocked, id=258, stack(0x00007fa924400000,0x00007fa924500000)]
  0x00007fa94038e990 JavaThread "Framework Event Dispatcher: Equinox Container: 53194fee-2d09-46ff-aaac-7113f65f3449" daemon [_thread_blocked, id=259, stack(0x00007fa924200000,0x00007fa924300000)]
  0x00007fa9403916e0 JavaThread "Start Level: Equinox Container: 53194fee-2d09-46ff-aaac-7113f65f3449" daemon [_thread_blocked, id=260, stack(0x00007fa924000000,0x00007fa924100000)]
  0x00007fa8d402be10 JavaThread "SCR Component Actor" daemon [_thread_blocked, id=261, stack(0x00007fa8ec900000,0x00007fa8eca00000)]
  0x00007fa8d4404090 JavaThread "Worker-JM" [_thread_blocked, id=263, stack(0x00007fa8ec500000,0x00007fa8ec600000)]
  0x00007fa8d4486c60 JavaThread "Worker-0: Java indexing... " [_thread_blocked, id=264, stack(0x00007fa8ec300000,0x00007fa8ec400000)]
  0x00007fa8c40010d0 JavaThread "Worker-1: Publish Diagnostics" [_thread_blocked, id=265, stack(0x00007fa8ec100000,0x00007fa8ec200000)]
  0x00007fa8c400df60 JavaThread "Worker-2: Compacting resource model" [_thread_blocked, id=266, stack(0x00007fa8ebf00000,0x00007fa8ec000000)]
  0x00007fa8d467adb0 JavaThread "Java indexing" daemon [_thread_blocked, id=267, stack(0x00007fa8ebd00000,0x00007fa8ebe00000)]
  0x00007fa8d46da740 JavaThread "Bundle File Closer" daemon [_thread_blocked, id=268, stack(0x00007fa8ec200000,0x00007fa8ec300000)]
  0x00007fa94019b8a0 JavaThread "pool-3-thread-1" [_thread_blocked, id=269, stack(0x00007fa8ebb00000,0x00007fa8ebc00000)]
  0x00007fa940401fd0 JavaThread "pool-2-thread-1" [_thread_blocked, id=270, stack(0x00007fa8eb900000,0x00007fa8eba00000)]
  0x00007fa8bc0011d0 JavaThread "Worker-3" [_thread_blocked, id=271, stack(0x00007fa8eb700000,0x00007fa8eb800000)]

Other Threads:
  0x00007fa9400a1c10 VMThread "VM Thread" [stack: 0x00007fa925630000,0x00007fa925730000] [id=243] _threads_hazard_ptr=0x00007fa8cc04afa0
  0x00007fa940129c70 WatcherThread [stack: 0x00007fa924648000,0x00007fa924748000] [id=255]
  0x00007fa94003df30 GCTaskThread "GC Thread#0" [stack: 0x00007fa944513000,0x00007fa944613000] [id=242]

Threads with active compile tasks:
JVMCI-native CompilerThread0  1452381 11008       4       org.eclipse.jdt.internal.compiler.codegen.ConstantPool::writeU1 (38 bytes)

VM state: synchronizing (normal execution)

VM Mutex/Monitor currently owned by a thread:  ([mutex/lock_event])
[0x00007fa940023840] Threads_lock - owner thread: 0x00007fa9400a1c10
[0x00007fa940023ff0] Heap_lock - owner thread: 0x00007fa8c40010d0

OutOfMemory and StackOverflow Exception counts:
OutOfMemoryError java_heap_errors=4
LinkageErrors=61

Heap address: 0x00000000e0000000, size: 512 MB, Compressed Oops mode: 32-bit

CDS archive(s) mapped at: [0x0000000800000000-0x0000000800bc8000-0x0000000800bc8000), size 12353536, SharedBaseAddress: 0x0000000800000000, ArchiveRelocationMode: 0.
Compressed class space mapped at: 0x0000000800c00000-0x0000000840c00000, reserved size: 1073741824
Narrow klass base: 0x0000000800000000, Narrow klass shift: 0, Narrow klass range: 0x100000000

GC Precious Log:
 CPUs: 8 total, 1 available
 Memory: 1024M
 Large Page Support: Disabled
 NUMA Support: Disabled
 Compressed Oops: Enabled (32-bit)
 Alignments: Space 512K, Generation 512K, Heap 2M
 Heap Min Capacity: 100M
 Heap Initial Capacity: 100M
 Heap Max Capacity: 512M
 Pre-touch: Disabled
 Parallel Workers: 1

Heap:
 PSYoungGen      total 58880K, used 38911K [0x00000000f5580000, 0x00000000fa580000, 0x0000000100000000)
  eden space 38912K, 99% used [0x00000000f5580000,0x00000000f7b7ffe8,0x00000000f7b80000)
  from space 19968K, 0% used [0x00000000f7b80000,0x00000000f7b80000,0x00000000f8f00000)
  to   space 18432K, 0% used [0x00000000f9380000,0x00000000f9380000,0x00000000fa580000)
 ParOldGen       total 349696K, used 349695K [0x00000000e0000000, 0x00000000f5580000, 0x00000000f5580000)
  object space 349696K, 99% used [0x00000000e0000000,0x00000000f557ffe8,0x00000000f5580000)
 Metaspace       used 58574K, committed 59520K, reserved 1105920K
  class space    used 5523K, committed 5952K, reserved 1048576K

Card table byte_map: [0x00007fa944613000,0x00007fa944714000] _byte_map_base: 0x00007fa943f13000

Marking Bits: (ParMarkBitMap*) 0x00007fa945d634c0
 Begin Bits: [0x00007fa9264b3000, 0x00007fa926cb3000)
 End Bits:   [0x00007fa926cb3000, 0x00007fa9274b3000)

Polling page: 0x00007fa94492d000

Metaspace:

Usage:
  Non-class:     51.81 MB used.
      Class:      5.39 MB used.
       Both:     57.20 MB used.

Virtual space:
  Non-class space:       56.00 MB reserved,      52.31 MB ( 93%) committed,  7 nodes.
      Class space:        1.00 GB reserved,       5.81 MB ( <1%) committed,  1 nodes.
             Both:        1.05 GB reserved,      58.12 MB (  5%) committed. 

Chunk freelists:
   Non-Class:  3.42 MB
       Class:  2.17 MB
        Both:  5.59 MB

MaxMetaspaceSize: unlimited
CompressedClassSpaceSize: 1.00 GB
Initial GC threshold: 21.00 MB
Current GC threshold: 96.81 MB
CDS: on
MetaspaceReclaimPolicy: balanced
 - commit_granule_bytes: 65536.
 - commit_granule_words: 8192.
 - virtual_space_node_default_size: 1048576.
 - enlarge_chunks_in_place: 1.
 - new_chunks_are_fully_committed: 0.
 - uncommit_free_chunks: 1.
 - use_allocation_guard: 0.
 - handle_deallocations: 1.


Internal statistics:

num_allocs_failed_limit: 6.
num_arena_births: 494.
num_arena_deaths: 156.
num_vsnodes_births: 8.
num_vsnodes_deaths: 0.
num_space_committed: 926.
num_space_uncommitted: 0.
num_chunks_returned_to_freelist: 218.
num_chunks_taken_from_freelist: 2961.
num_chunk_merges: 87.
num_chunk_splits: 1912.
num_chunks_enlarged: 1195.
num_purges: 8.
num_inconsistent_stats: 0.

CodeHeap 'non-profiled nmethods': size=120036Kb used=2862Kb max_used=3074Kb free=117173Kb
 bounds [0x00007fa92ef7a000, 0x00007fa92f28a000, 0x00007fa9364b3000]
CodeHeap 'profiled nmethods': size=120032Kb used=16913Kb max_used=19577Kb free=103118Kb
 bounds [0x00007fa927a42000, 0x00007fa928d62000, 0x00007fa92ef7a000]
CodeHeap 'non-nmethods': size=5692Kb used=1365Kb max_used=1374Kb free=4326Kb
 bounds [0x00007fa9274b3000, 0x00007fa927723000, 0x00007fa927a42000]
 total_blobs=8344 nmethods=7646 adapters=594
 compilation: enabled
              stopped_count=0, restarted_count=0
 full_count=0

JVMCI Events (20 events):
Event: 1225.995 Thread 0x00007fa9400b21e0 compacted oop handles in JVMCI runtime 0 from 49 to 49
Event: 1225.995 Thread 0x00007fa9400b21e0 releasing handles for JVMCI runtime 0: oop handles=49, metadata handles={total=96, live=92, blocks=46}
Event: 1225.995 Thread 0x00007fa9400b21e0 detached from JVMCI runtime 0
Event: 1285.677 Thread 0x00007fa9400b21e0 attached to JVMCI runtime 0
Event: 1285.678 Thread 0x00007fa9400b21e0 created JavaVM[7]@0x00007fa899f9e340 for JVMCI runtime 0
Event: 1285.678 Thread 0x00007fa9400b21e0 initializing JVMCI runtime 0
Event: 1285.678 Thread 0x00007fa9400b21e0 done waiting for JavaVM references initialization in JVMCI runtime 0
Event: 1295.267 Thread 0x00007fa9400b21e0 initialized JVMCI runtime 0
Event: 1310.595 Thread 0x00007fa9400b21e0 compacted oop handles in JVMCI runtime 0 from 60 to 55
Event: 1330.608 Thread 0x00007fa9400b21e0 detaching from JVMCI runtime 0: releasing idle compiler thread (0 other threads still attached)
Event: 1330.608 Thread 0x00007fa9400b21e0 shutting down HotSpotJVMCIRuntime for JVMCI runtime 0
Event: 1333.995 Thread 0x00007fa9400b21e0 shut down JVMCI runtime 0
Event: 1335.502 Thread 0x00007fa9400b21e0 destroyed JavaVM[7]@0x00007fa899f9e340 for JVMCI runtime 0
Event: 1335.502 Thread 0x00007fa9400b21e0 compacted oop handles in JVMCI runtime 0 from 62 to 62
Event: 1335.502 Thread 0x00007fa9400b21e0 releasing handles for JVMCI runtime 0: oop handles=62, metadata handles={total=107, live=100, blocks=46}
Event: 1335.502 Thread 0x00007fa9400b21e0 detached from JVMCI runtime 0
Event: 1358.007 Thread 0x00007fa9400b21e0 attached to JVMCI runtime 0
Event: 1358.009 Thread 0x00007fa9400b21e0 created JavaVM[8]@0x00007fa899f9e340 for JVMCI runtime 0
Event: 1359.788 Thread 0x00007fa9400b21e0 initializing JVMCI runtime 0
Event: 1359.788 Thread 0x00007fa9400b21e0 done waiting for JavaVM references initialization in JVMCI runtime 0

Compilation events (20 events):
Event: 1187.808 Thread 0x00007fa9400b36f0 10999       3       org.eclipse.jdt.internal.compiler.lookup.UnresolvedReferenceBinding::resolve (277 bytes)
Event: 1189.582 Thread 0x00007fa9400b36f0 nmethod 10999 0x00007fa928107d10 code [0x00007fa928108000, 0x00007fa928109820]
Event: 1193.998 Thread 0x00007fa9400b36f0 11000       3       java.util.concurrent.ScheduledThreadPoolExecutor$DelayedWorkQueue::setIndex (16 bytes)
Event: 1198.992 Thread 0x00007fa9400b36f0 nmethod 11000 0x00007fa927b2b990 code [0x00007fa927b2bb40, 0x00007fa927b2c110]
Event: 1209.808 Thread 0x00007fa9400b36f0 11001       3       java.util.concurrent.locks.AbstractQueuedSynchronizer$ConditionObject::canReacquire (28 bytes)
Event: 1209.809 Thread 0x00007fa9400b36f0 nmethod 11001 0x00007fa927ee6490 code [0x00007fa927ee6640, 0x00007fa927ee6990]
Event: 1222.475 Thread 0x00007fa9400b21e0 nmethod 10994 0x00007fa92f1ea410 code [0x00007fa92f1ea5e0, 0x00007fa92f1eb048]
Event: 1247.365 Thread 0x00007fa9400b36f0 11002       3       java.util.concurrent.locks.AbstractQueuedSynchronizer$Node::<init> (5 bytes)
Event: 1249.695 Thread 0x00007fa9400b36f0 nmethod 11002 0x00007fa927a74510 code [0x00007fa927a746c0, 0x00007fa927a74810]
Event: 1285.677 Thread 0x00007fa9400b21e0 11003       4       org.eclipse.jdt.internal.compiler.lookup.MethodBinding::<init> (141 bytes)
Event: 1310.595 Thread 0x00007fa9400b21e0 nmethod 11003 0x00007fa92f1e9d90 code [0x00007fa92f1e9f20, 0x00007fa92f1ea0a8]
Event: 1310.595 Thread 0x00007fa9400b21e0 11004       4       java.io.DataOutputStream::writeUTF (411 bytes)
Event: 1328.766 Thread 0x00007fa9400b21e0 nmethod 11004 0x00007fa92f1fa290 code [0x00007fa92f1fa480, 0x00007fa92f1fadc0]
Event: 1347.217 Thread 0x00007fa9400b36f0 11006       3       org.eclipse.jdt.internal.core.CancelableProblemFactory::createProblem (57 bytes)
Event: 1352.378 Thread 0x00007fa9400b36f0 nmethod 11006 0x00007fa927afbe10 code [0x00007fa927afc000, 0x00007fa927afc630]
Event: 1352.378 Thread 0x00007fa9400b36f0 11007   !   3       java.util.concurrent.locks.AbstractQueuedSynchronizer::acquire (407 bytes)
Event: 1352.380 Thread 0x00007fa9400b36f0 nmethod 11007 0x00007fa928833990 code [0x00007fa928833d00, 0x00007fa928835b20]
Event: 1358.007 Thread 0x00007fa9400b21e0 11008       4       org.eclipse.jdt.internal.compiler.codegen.ConstantPool::writeU1 (38 bytes)
Event: 1363.426 Thread 0x00007fa9400b36f0 11010       3       jdk.internal.misc.Unsafe::putIntOpaque (9 bytes)
Event: 1368.819 Thread 0x00007fa9400b36f0 nmethod 11010 0x00007fa927b08490 code [0x00007fa927b08620, 0x00007fa927b08730]

GC Heap History (20 events):
Event: 1429.013 GC heap before
{Heap before GC invocations=1002 (full 920):
 PSYoungGen      total 58880K, used 38912K [0x00000000f5580000, 0x00000000fa580000, 0x0000000100000000)
  eden space 38912K, 100% used [0x00000000f5580000,0x00000000f7b80000,0x00000000f7b80000)
  from space 19968K, 0% used [0x00000000f7b80000,0x00000000f7b80000,0x00000000f8f00000)
  to   space 18432K, 0% used [0x00000000f9380000,0x00000000f9380000,0x00000000fa580000)
 ParOldGen       total 349696K, used 349695K [0x00000000e0000000, 0x00000000f5580000, 0x00000000f5580000)
  object space 349696K, 99% used [0x00000000e0000000,0x00000000f557ff90,0x00000000f5580000)
 Metaspace       used 58574K, committed 59520K, reserved 1105920K
  class space    used 5523K, committed 5952K, reserved 1048576K
}
Event: 1431.573 GC heap after
{Heap after GC invocations=1002 (full 920):
 PSYoungGen      total 57344K, used 38911K [0x00000000f5580000, 0x00000000fa580000, 0x0000000100000000)
  eden space 38912K, 99% used [0x00000000f5580000,0x00000000f7b7ffd0,0x00000000f7b80000)
  from space 18432K, 0% used [0x00000000f9380000,0x00000000f9380000,0x00000000fa580000)
  to   space 19968K, 0% used [0x00000000f7b80000,0x00000000f7b80000,0x00000000f8f00000)
 ParOldGen       total 349696K, used 349695K [0x00000000e0000000, 0x00000000f5580000, 0x00000000f5580000)
  object space 349696K, 99% used [0x00000000e0000000,0x00000000f557ff90,0x00000000f5580000)
 Metaspace       used 58574K, committed 59520K, reserved 1105920K
  class space    used 5523K, committed 5952K, reserved 1048576K
}
Event: 1431.577 GC heap before
{Heap before GC invocations=1003 (full 921):
 PSYoungGen      total 57344K, used 38912K [0x00000000f5580000, 0x00000000fa580000, 0x0000000100000000)
  eden space 38912K, 100% used [0x00000000f5580000,0x00000000f7b80000,0x00000000f7b80000)
  from space 18432K, 0% used [0x00000000f9380000,0x00000000f9380000,0x00000000fa580000)
  to   space 19968K, 0% used [0x00000000f7b80000,0x00000000f7b80000,0x00000000f8f00000)
 ParOldGen       total 349696K, used 349695K [0x00000000e0000000, 0x00000000f5580000, 0x00000000f5580000)
  object space 349696K, 99% used [0x00000000e0000000,0x00000000f557ff90,0x00000000f5580000)
 Metaspace       used 58574K, committed 59520K, reserved 1105920K
  class space    used 5523K, committed 5952K, reserved 1048576K
}
Event: 1434.169 GC heap after
{Heap after GC invocations=1003 (full 921):
 PSYoungGen      total 58880K, used 38911K [0x00000000f5580000, 0x00000000fa580000, 0x0000000100000000)
  eden space 38912K, 99% used [0x00000000f5580000,0x00000000f7b7ffd0,0x00000000f7b80000)
  from space 19968K, 0% used [0x00000000f7b80000,0x00000000f7b80000,0x00000000f8f00000)
  to   space 18432K, 0% used [0x00000000f9380000,0x00000000f9380000,0x00000000fa580000)
 ParOldGen       total 349696K, used 349695K [0x00000000e0000000, 0x00000000f5580000, 0x00000000f5580000)
  object space 349696K, 99% used [0x00000000e0000000,0x00000000f557ff90,0x00000000f5580000)
 Metaspace       used 58574K, committed 59520K, reserved 1105920K
  class space    used 5523K, committed 5952K, reserved 1048576K
}
Event: 1434.176 GC heap before
{Heap before GC invocations=1004 (full 922):
 PSYoungGen      total 58880K, used 38912K [0x00000000f5580000, 0x00000000fa580000, 0x0000000100000000)
  eden space 38912K, 100% used [0x00000000f5580000,0x00000000f7b80000,0x00000000f7b80000)
  from space 19968K, 0% used [0x00000000f7b80000,0x00000000f7b80000,0x00000000f8f00000)
  to   space 18432K, 0% used [0x00000000f9380000,0x00000000f9380000,0x00000000fa580000)
 ParOldGen       total 349696K, used 349695K [0x00000000e0000000, 0x00000000f5580000, 0x00000000f5580000)
  object space 349696K, 99% used [0x00000000e0000000,0x00000000f557ff90,0x00000000f5580000)
 Metaspace       used 58574K, committed 59520K, reserved 1105920K
  class space    used 5523K, committed 5952K, reserved 1048576K
}
Event: 1436.579 GC heap after
{Heap after GC invocations=1004 (full 922):
 PSYoungGen      total 57344K, used 38911K [0x00000000f5580000, 0x00000000fa580000, 0x0000000100000000)
  eden space 38912K, 99% used [0x00000000f5580000,0x00000000f7b7ffd0,0x00000000f7b80000)
  from space 18432K, 0% used [0x00000000f9380000,0x00000000f9380000,0x00000000fa580000)
  to   space 19968K, 0% used [0x00000000f7b80000,0x00000000f7b80000,0x00000000f8f00000)
 ParOldGen       total 349696K, used 349695K [0x00000000e0000000, 0x00000000f5580000, 0x00000000f5580000)
  object space 349696K, 99% used [0x00000000e0000000,0x00000000f557ff90,0x00000000f5580000)
 Metaspace       used 58574K, committed 59520K, reserved 1105920K
  class space    used 5523K, committed 5952K, reserved 1048576K
}
Event: 1436.580 GC heap before
{Heap before GC invocations=1005 (full 923):
 PSYoungGen      total 57344K, used 38912K [0x00000000f5580000, 0x00000000fa580000, 0x0000000100000000)
  eden space 38912K, 100% used [0x00000000f5580000,0x00000000f7b80000,0x00000000f7b80000)
  from space 18432K, 0% used [0x00000000f9380000,0x00000000f9380000,0x00000000fa580000)
  to   space 19968K, 0% used [0x00000000f7b80000,0x00000000f7b80000,0x00000000f8f00000)
 ParOldGen       total 349696K, used 349695K [0x00000000e0000000, 0x00000000f5580000, 0x00000000f5580000)
  object space 349696K, 99% used [0x00000000e0000000,0x00000000f557ff90,0x00000000f5580000)
 Metaspace       used 58574K, committed 59520K, reserved 1105920K
  class space    used 5523K, committed 5952K, reserved 1048576K
}
Event: 1439.086 GC heap after
{Heap after GC invocations=1005 (full 923):
 PSYoungGen      total 58880K, used 38911K [0x00000000f5580000, 0x00000000fa580000, 0x0000000100000000)
  eden space 38912K, 99% used [0x00000000f5580000,0x00000000f7b7ffd0,0x00000000f7b80000)
  from space 19968K, 0% used [0x00000000f7b80000,0x00000000f7b80000,0x00000000f8f00000)
  to   space 18432K, 0% used [0x00000000f9380000,0x00000000f9380000,0x00000000fa580000)
 ParOldGen       total 349696K, used 349695K [0x00000000e0000000, 0x00000000f5580000, 0x00000000f5580000)
  object space 349696K, 99% used [0x00000000e0000000,0x00000000f557ff90,0x00000000f5580000)
 Metaspace       used 58574K, committed 59520K, reserved 1105920K
  class space    used 5523K, committed 5952K, reserved 1048576K
}
Event: 1439.086 GC heap before
{Heap before GC invocations=1006 (full 924):
 PSYoungGen      total 58880K, used 38912K [0x00000000f5580000, 0x00000000fa580000, 0x0000000100000000)
  eden space 38912K, 100% used [0x00000000f5580000,0x00000000f7b80000,0x00000000f7b80000)
  from space 19968K, 0% used [0x00000000f7b80000,0x00000000f7b80000,0x00000000f8f00000)
  to   space 18432K, 0% used [0x00000000f9380000,0x00000000f9380000,0x00000000fa580000)
 ParOldGen       total 349696K, used 349695K [0x00000000e0000000, 0x00000000f5580000, 0x00000000f5580000)
  object space 349696K, 99% used [0x00000000e0000000,0x00000000f557ff90,0x00000000f5580000)
 Metaspace       used 58574K, committed 59520K, reserved 1105920K
  class space    used 5523K, committed 5952K, reserved 1048576K
}
Event: 1441.585 GC heap after
{Heap after GC invocations=1006 (full 924):
 PSYoungGen      total 57344K, used 38911K [0x00000000f5580000, 0x00000000fa580000, 0x0000000100000000)
  eden space 38912K, 99% used [0x00000000f5580000,0x00000000f7b7ffd0,0x00000000f7b80000)
  from space 18432K, 0% used [0x00000000f9380000,0x00000000f9380000,0x00000000fa580000)
  to   space 19968K, 0% used [0x00000000f7b80000,0x00000000f7b80000,0x00000000f8f00000)
 ParOldGen       total 349696K, used 349695K [0x00000000e0000000, 0x00000000f5580000, 0x00000000f5580000)
  object space 349696K, 99% used [0x00000000e0000000,0x00000000f557ff90,0x00000000f5580000)
 Metaspace       used 58574K, committed 59520K, reserved 1105920K
  class space    used 5523K, committed 5952K, reserved 1048576K
}
Event: 1441.587 GC heap before
{Heap before GC invocations=1007 (full 925):
 PSYoungGen      total 57344K, used 38912K [0x00000000f5580000, 0x00000000fa580000, 0x0000000100000000)
  eden space 38912K, 100% used [0x00000000f5580000,0x00000000f7b80000,0x00000000f7b80000)
  from space 18432K, 0% used [0x00000000f9380000,0x00000000f9380000,0x00000000fa580000)
  to   space 19968K, 0% used [0x00000000f7b80000,0x00000000f7b80000,0x00000000f8f00000)
 ParOldGen       total 349696K, used 349695K [0x00000000e0000000, 0x00000000f5580000, 0x00000000f5580000)
  object space 349696K, 99% used [0x00000000e0000000,0x00000000f557ff90,0x00000000f5580000)
 Metaspace       used 58574K, committed 59520K, reserved 1105920K
  class space    used 5523K, committed 5952K, reserved 1048576K
}
Event: 1443.695 GC heap after
{Heap after GC invocations=1007 (full 925):
 PSYoungGen      total 58880K, used 38911K [0x00000000f5580000, 0x00000000fa580000, 0x0000000100000000)
  eden space 38912K, 99% used [0x00000000f5580000,0x00000000f7b7ffd0,0x00000000f7b80000)
  from space 19968K, 0% used [0x00000000f7b80000,0x00000000f7b80000,0x00000000f8f00000)
  to   space 18432K, 0% used [0x00000000f9380000,0x00000000f9380000,0x00000000fa580000)
 ParOldGen       total 349696K, used 349695K [0x00000000e0000000, 0x00000000f5580000, 0x00000000f5580000)
  object space 349696K, 99% used [0x00000000e0000000,0x00000000f557ff90,0x00000000f5580000)
 Metaspace       used 58574K, committed 59520K, reserved 1105920K
  class space    used 5523K, committed 5952K, reserved 1048576K
}
Event: 1443.696 GC heap before
{Heap before GC invocations=1008 (full 926):
 PSYoungGen      total 58880K, used 38912K [0x00000000f5580000, 0x00000000fa580000, 0x0000000100000000)
  eden space 38912K, 100% used [0x00000000f5580000,0x00000000f7b80000,0x00000000f7b80000)
  from space 19968K, 0% used [0x00000000f7b80000,0x00000000f7b80000,0x00000000f8f00000)
  to   space 18432K, 0% used [0x00000000f9380000,0x00000000f9380000,0x00000000fa580000)
 ParOldGen       total 349696K, used 349695K [0x00000000e0000000, 0x00000000f5580000, 0x00000000f5580000)
  object space 349696K, 99% used [0x00000000e0000000,0x00000000f557ff90,0x00000000f5580000)
 Metaspace       used 58574K, committed 59520K, reserved 1105920K
  class space    used 5523K, committed 5952K, reserved 1048576K
}
Event: 1445.866 GC heap after
{Heap after GC invocations=1008 (full 926):
 PSYoungGen      total 57344K, used 38911K [0x00000000f5580000, 0x00000000fa580000, 0x0000000100000000)
  eden space 38912K, 99% used [0x00000000f5580000,0x00000000f7b7ffd0,0x00000000f7b80000)
  from space 18432K, 0% used [0x00000000f9380000,0x00000000f9380000,0x00000000fa580000)
  to   space 19968K, 0% used [0x00000000f7b80000,0x00000000f7b80000,0x00000000f8f00000)
 ParOldGen       total 349696K, used 349695K [0x00000000e0000000, 0x00000000f5580000, 0x00000000f5580000)
  object space 349696K, 99% used [0x00000000e0000000,0x00000000f557ff90,0x00000000f5580000)
 Metaspace       used 58574K, committed 59520K, reserved 1105920K
  class space    used 5523K, committed 5952K, reserved 1048576K
}
Event: 1445.867 GC heap before
{Heap before GC invocations=1009 (full 927):
 PSYoungGen      total 57344K, used 38911K [0x00000000f5580000, 0x00000000fa580000, 0x0000000100000000)
  eden space 38912K, 99% used [0x00000000f5580000,0x00000000f7b7fff0,0x00000000f7b80000)
  from space 18432K, 0% used [0x00000000f9380000,0x00000000f9380000,0x00000000fa580000)
  to   space 19968K, 0% used [0x00000000f7b80000,0x00000000f7b80000,0x00000000f8f00000)
 ParOldGen       total 349696K, used 349695K [0x00000000e0000000, 0x00000000f5580000, 0x00000000f5580000)
  object space 349696K, 99% used [0x00000000e0000000,0x00000000f557ff90,0x00000000f5580000)
 Metaspace       used 58574K, committed 59520K, reserved 1105920K
  class space    used 5523K, committed 5952K, reserved 1048576K
}
Event: 1447.788 GC heap after
{Heap after GC invocations=1009 (full 927):
 PSYoungGen      total 58880K, used 38911K [0x00000000f5580000, 0x00000000fa580000, 0x0000000100000000)
  eden space 38912K, 99% used [0x00000000f5580000,0x00000000f7b7ffd0,0x00000000f7b80000)
  from space 19968K, 0% used [0x00000000f7b80000,0x00000000f7b80000,0x00000000f8f00000)
  to   space 18432K, 0% used [0x00000000f9380000,0x00000000f9380000,0x00000000fa580000)
 ParOldGen       total 349696K, used 349695K [0x00000000e0000000, 0x00000000f5580000, 0x00000000f5580000)
  object space 349696K, 99% used [0x00000000e0000000,0x00000000f557ff90,0x00000000f5580000)
 Metaspace       used 58574K, committed 59520K, reserved 1105920K
  class space    used 5523K, committed 5952K, reserved 1048576K
}
Event: 1447.788 GC heap before
{Heap before GC invocations=1010 (full 928):
 PSYoungGen      total 58880K, used 38911K [0x00000000f5580000, 0x00000000fa580000, 0x0000000100000000)
  eden space 38912K, 99% used [0x00000000f5580000,0x00000000f7b7ffe8,0x00000000f7b80000)
  from space 19968K, 0% used [0x00000000f7b80000,0x00000000f7b80000,0x00000000f8f00000)
  to   space 18432K, 0% used [0x00000000f9380000,0x00000000f9380000,0x00000000fa580000)
 ParOldGen       total 349696K, used 349695K [0x00000000e0000000, 0x00000000f5580000, 0x00000000f5580000)
  object space 349696K, 99% used [0x00000000e0000000,0x00000000f557ff90,0x00000000f5580000)
 Metaspace       used 58574K, committed 59520K, reserved 1105920K
  class space    used 5523K, committed 5952K, reserved 1048576K
}
Event: 1449.993 GC heap after
{Heap after GC invocations=1010 (full 928):
 PSYoungGen      total 57344K, used 38911K [0x00000000f5580000, 0x00000000fa580000, 0x0000000100000000)
  eden space 38912K, 99% used [0x00000000f5580000,0x00000000f7b7ffe8,0x00000000f7b80000)
  from space 18432K, 0% used [0x00000000f9380000,0x00000000f9380000,0x00000000fa580000)
  to   space 19968K, 0% used [0x00000000f7b80000,0x00000000f7b80000,0x00000000f8f00000)
 ParOldGen       total 349696K, used 349695K [0x00000000e0000000, 0x00000000f5580000, 0x00000000f5580000)
  object space 349696K, 99% used [0x00000000e0000000,0x00000000f557ff90,0x00000000f5580000)
 Metaspace       used 58574K, committed 59520K, reserved 1105920K
  class space    used 5523K, committed 5952K, reserved 1048576K
}
Event: 1449.993 GC heap before
{Heap before GC invocations=1011 (full 929):
 PSYoungGen      total 57344K, used 38911K [0x00000000f5580000, 0x00000000fa580000, 0x0000000100000000)
  eden space 38912K, 99% used [0x00000000f5580000,0x00000000f7b7ffe8,0x00000000f7b80000)
  from space 18432K, 0% used [0x00000000f9380000,0x00000000f9380000,0x00000000fa580000)
  to   space 19968K, 0% used [0x00000000f7b80000,0x00000000f7b80000,0x00000000f8f00000)
 ParOldGen       total 349696K, used 349695K [0x00000000e0000000, 0x00000000f5580000, 0x00000000f5580000)
  object space 349696K, 99% used [0x00000000e0000000,0x00000000f557ff90,0x00000000f5580000)
 Metaspace       used 58574K, committed 59520K, reserved 1105920K
  class space    used 5523K, committed 5952K, reserved 1048576K
}
Event: 1452.290 GC heap after
{Heap after GC invocations=1011 (full 929):
 PSYoungGen      total 58880K, used 38911K [0x00000000f5580000, 0x00000000fa580000, 0x0000000100000000)
  eden space 38912K, 99% used [0x00000000f5580000,0x00000000f7b7ffe8,0x00000000f7b80000)
  from space 19968K, 0% used [0x00000000f7b80000,0x00000000f7b80000,0x00000000f8f00000)
  to   space 18432K, 0% used [0x00000000f9380000,0x00000000f9380000,0x00000000fa580000)
 ParOldGen       total 349696K, used 349695K [0x00000000e0000000, 0x00000000f5580000, 0x00000000f5580000)
  object space 349696K, 99% used [0x00000000e0000000,0x00000000f557ff90,0x00000000f5580000)
 Metaspace       used 58574K, committed 59520K, reserved 1105920K
  class space    used 5523K, committed 5952K, reserved 1048576K
}

Dll operation events (8 events):
Event: 0.002 Loaded shared library /nix/store/gpxl5qgg8kicmcvivwmybwjlpf7wh20l-graalvm17-ce-22.3.0/lib/libjava.so
Event: 0.007 Loaded shared library /nix/store/gpxl5qgg8kicmcvivwmybwjlpf7wh20l-graalvm17-ce-22.3.0/lib/libjsvml.so
Event: 0.177 Loaded shared library /nix/store/gpxl5qgg8kicmcvivwmybwjlpf7wh20l-graalvm17-ce-22.3.0/lib/libjvmcicompiler.so
Event: 0.177 Loaded shared library /nix/store/gpxl5qgg8kicmcvivwmybwjlpf7wh20l-graalvm17-ce-22.3.0/lib/libnio.so
Event: 0.182 Loaded shared library /nix/store/gpxl5qgg8kicmcvivwmybwjlpf7wh20l-graalvm17-ce-22.3.0/lib/libzip.so
Event: 0.485 Loaded shared library /nix/store/gpxl5qgg8kicmcvivwmybwjlpf7wh20l-graalvm17-ce-22.3.0/lib/libjimage.so
Event: 1.764 Loaded shared library /nix/store/gpxl5qgg8kicmcvivwmybwjlpf7wh20l-graalvm17-ce-22.3.0/lib/libnet.so
Event: 2.663 Loaded shared library /home/runner/.cache/jdt-language-server/config/org.eclipse.equinox.launcher/org.eclipse.equinox.launcher.gtk.linux.x86_64_1.2.400.v20211117-0650/eclipse_11600.so

Deoptimization events (20 events):
Event: 106.285 Thread 0x00007fa8b0169850 DEOPT PACKING pc=0x00007fa927b47a1d sp=0x00007fa8ec0fd760
Event: 106.285 Thread 0x00007fa8b0169850 DEOPT UNPACKING pc=0x00007fa927505325 sp=0x00007fa8ec0fcc58 mode 0
Event: 107.901 Thread 0x00007fa8b0169850 DEOPT PACKING pc=0x00007fa927b47a1d sp=0x00007fa8ec0fd8d0
Event: 107.901 Thread 0x00007fa8b0169850 DEOPT UNPACKING pc=0x00007fa927505325 sp=0x00007fa8ec0fcdc8 mode 0
Event: 119.769 Thread 0x00007fa8b0169850 DEOPT PACKING pc=0x00007fa927b47a1d sp=0x00007fa8ec0fd760
Event: 119.769 Thread 0x00007fa8b0169850 DEOPT UNPACKING pc=0x00007fa927505325 sp=0x00007fa8ec0fcc58 mode 0
Event: 125.683 Thread 0x00007fa8b0169850 DEOPT PACKING pc=0x00007fa92f17f67b sp=0x00007fa8ec0fd5e0
Event: 125.683 Thread 0x00007fa8b0169850 DEOPT UNPACKING pc=0x00007fa927505325 sp=0x00007fa8ec0fca88 mode 1
Event: 125.683 Thread 0x00007fa8b0169850 DEOPT PACKING pc=0x00007fa92f17f67b sp=0x00007fa8ec0fe080
Event: 125.683 Thread 0x00007fa8b0169850 DEOPT UNPACKING pc=0x00007fa927505325 sp=0x00007fa8ec0fd538 mode 1
Event: 129.466 Thread 0x00007fa8c40010d0 DEOPT PACKING pc=0x00007fa92889f56c sp=0x00007fa8ec1fd700
Event: 129.466 Thread 0x00007fa8c40010d0 DEOPT UNPACKING pc=0x00007fa927505325 sp=0x00007fa8ec1fcbd0 mode 0
Event: 1387.885 Thread 0x00007fa8d467adb0 Uncommon trap: trap_request=0xffffff8f fr.pc=0x00007fa92f2355a0 relative=0x0000000000001060
Event: 1387.885 Thread 0x00007fa8d467adb0 Uncommon trap: reason=constraint action=none pc=0x00007fa92f2355a0 method=org.eclipse.jdt.internal.core.index.DiskIndex.copyQueryResults(Lorg/eclipse/jdt/internal/compiler/util/HashtableOfObject;I)V @ 123 jvmci
Event: 1387.885 Thread 0x00007fa8d467adb0 DEOPT PACKING pc=0x00007fa92f2355a0 sp=0x00007fa8ebdfe550
Event: 1387.885 Thread 0x00007fa8d467adb0 DEOPT UNPACKING pc=0x00007fa927505325 sp=0x00007fa8ebdfda28 mode 3
Event: 1420.970 Thread 0x00007fa8c40010d0 Uncommon trap: trap_request=0xffffff8f fr.pc=0x00007fa92f1f2045 relative=0x0000000000000225
Event: 1420.970 Thread 0x00007fa8c40010d0 Uncommon trap: reason=constraint action=none pc=0x00007fa92f1f2045 method=java.lang.String.toCharArray()[C @ 0 jvmci
Event: 1420.970 Thread 0x00007fa8c40010d0 DEOPT PACKING pc=0x00007fa92f1f2045 sp=0x00007fa8ec1fdcc0
Event: 1420.970 Thread 0x00007fa8c40010d0 DEOPT UNPACKING pc=0x00007fa927505325 sp=0x00007fa8ec1fd168 mode 3

Classes unloaded (20 events):
Event: 76.964 Thread 0x00007fa9400a1c10 Unloading class 0x0000000800d90c00 'java/lang/invoke/LambdaForm$MH+0x0000000800d90c00'
Event: 76.964 Thread 0x00007fa9400a1c10 Unloading class 0x0000000800d90800 'java/lang/invoke/LambdaForm$MH+0x0000000800d90800'
Event: 76.964 Thread 0x00007fa9400a1c10 Unloading class 0x0000000800d90400 'java/lang/invoke/LambdaForm$MH+0x0000000800d90400'
Event: 76.964 Thread 0x00007fa9400a1c10 Unloading class 0x0000000800d90000 'java/lang/invoke/LambdaForm$MH+0x0000000800d90000'
Event: 76.964 Thread 0x00007fa9400a1c10 Unloading class 0x0000000800cb2800 'java/lang/invoke/LambdaForm$MH+0x0000000800cb2800'
Event: 76.964 Thread 0x00007fa9400a1c10 Unloading class 0x0000000800cb2000 'java/lang/invoke/LambdaForm$MH+0x0000000800cb2000'
Event: 76.964 Thread 0x00007fa9400a1c10 Unloading class 0x0000000800cb1c00 'java/lang/invoke/LambdaForm$MH+0x0000000800cb1c00'
Event: 76.964 Thread 0x00007fa9400a1c10 Unloading class 0x0000000800cb1800 'java/lang/invoke/LambdaForm$MH+0x0000000800cb1800'
Event: 76.964 Thread 0x00007fa9400a1c10 Unloading class 0x0000000800cb1000 'java/lang/invoke/LambdaForm$MH+0x0000000800cb1000'
Event: 76.964 Thread 0x00007fa9400a1c10 Unloading class 0x0000000800cb0c00 'java/lang/invoke/LambdaForm$MH+0x0000000800cb0c00'
Event: 76.964 Thread 0x00007fa9400a1c10 Unloading class 0x0000000800cb0800 'java/lang/invoke/LambdaForm$MH+0x0000000800cb0800'
Event: 76.964 Thread 0x00007fa9400a1c10 Unloading class 0x0000000800cb0000 'java/lang/invoke/LambdaForm$MH+0x0000000800cb0000'
Event: 76.964 Thread 0x00007fa9400a1c10 Unloading class 0x0000000800c85000 'jdk/internal/reflect/GeneratedMethodAccessor5'
Event: 76.964 Thread 0x00007fa9400a1c10 Unloading class 0x0000000800c84c00 'jdk/internal/reflect/GeneratedMethodAccessor4'
Event: 76.964 Thread 0x00007fa9400a1c10 Unloading class 0x0000000800c84800 'jdk/internal/reflect/GeneratedMethodAccessor3'
Event: 76.964 Thread 0x00007fa9400a1c10 Unloading class 0x0000000800c84400 'jdk/internal/reflect/GeneratedMethodAccessor2'
Event: 76.964 Thread 0x00007fa9400a1c10 Unloading class 0x0000000800c84000 'jdk/internal/reflect/GeneratedMethodAccessor1'
Event: 76.964 Thread 0x00007fa9400a1c10 Unloading class 0x0000000800c01c00 'java/lang/invoke/LambdaForm$DMH+0x0000000800c01c00'
Event: 125.269 Thread 0x00007fa9400a1c10 Unloading class 0x00000008011c0800 'jdk/internal/reflect/GeneratedConstructorAccessor34'
Event: 126.772 Thread 0x00007fa9400a1c10 Unloading class 0x00000008011c0000 'jdk/internal/reflect/GeneratedConstructorAccessor35'

Classes redefined (0 events):
No events

Internal exceptions (20 events):
Event: 26.463 Thread 0x00007fa8b01624f0 Exception <a 'java/lang/NoSuchMethodError'{0x00000000f6060330}: 'void java.lang.invoke.DirectMethodHandle$Holder.invokeSpecial(java.lang.Object, java.lang.Object, int)'> (0x00000000f6060330) 
thrown [src/hotspot/share/interpreter/linkResolver.cpp, line 758]
Event: 26.463 Thread 0x00007fa8b0167940 Exception <a 'java/lang/NoSuchMethodError'{0x00000000f6076e58}: 'void java.lang.invoke.DirectMethodHandle$Holder.invokeSpecial(java.lang.Object, java.lang.Object, int)'> (0x00000000f6076e58) 
thrown [src/hotspot/share/interpreter/linkResolver.cpp, line 758]
Event: 26.463 Thread 0x00007fa8b01634d0 Exception <a 'java/lang/NoSuchMethodError'{0x00000000f6083738}: 'void java.lang.invoke.DirectMethodHandle$Holder.invokeSpecial(java.lang.Object, java.lang.Object, int)'> (0x00000000f6083738) 
thrown [src/hotspot/share/interpreter/linkResolver.cpp, line 758]
Event: 26.471 Thread 0x00007fa8b01607d0 Implicit null exception at 0x00007fa92f16b2b3 to 0x00007fa92f16b624
Event: 27.064 Thread 0x00007fa8b0167940 Exception <a 'java/lang/NoSuchMethodError'{0x00000000f55de0c0}: 'int java.lang.invoke.DirectMethodHandle$Holder.invokeSpecial(java.lang.Object, java.lang.Object, java.lang.Object)'> (0x00000000f55de0c0) 
thrown [src/hotspot/share/interpreter/linkResolver.cpp, line 758]
Event: 27.064 Thread 0x00007fa8b01643a0 Exception <a 'java/lang/NoSuchMethodError'{0x00000000f564a930}: 'int java.lang.invoke.DirectMethodHandle$Holder.invokeSpecial(java.lang.Object, java.lang.Object, java.lang.Object)'> (0x00000000f564a930) 
thrown [src/hotspot/share/interpreter/linkResolver.cpp, line 758]
Event: 27.064 Thread 0x00007fa8b01624f0 Exception <a 'java/lang/NoSuchMethodError'{0x00000000f56402f0}: 'int java.lang.invoke.DirectMethodHandle$Holder.invokeSpecial(java.lang.Object, java.lang.Object, java.lang.Object)'> (0x00000000f56402f0) 
thrown [src/hotspot/share/interpreter/linkResolver.cpp, line 758]
Event: 27.064 Thread 0x00007fa8b01634d0 Exception <a 'java/lang/NoSuchMethodError'{0x00000000f5790500}: 'int java.lang.invoke.DirectMethodHandle$Holder.invokeSpecial(java.lang.Object, java.lang.Object, java.lang.Object)'> (0x00000000f5790500) 
thrown [src/hotspot/share/interpreter/linkResolver.cpp, line 758]
Event: 27.675 Thread 0x00007fa940401fd0 Exception <a 'java/lang/ClassNotFoundException'{0x00000000f5700780}: sun/util/logging/resources/spi/loggingProvider> (0x00000000f5700780) 
thrown [src/hotspot/share/classfile/systemDictionary.cpp, line 256]
Event: 27.971 Thread 0x00007fa8b01624f0 Exception <a 'java/lang/NoSuchMethodError'{0x00000000f60a5bf0}: 'int java.lang.invoke.DirectMethodHandle$Holder.invokeSpecialIFC(java.lang.Object, java.lang.Object, java.lang.Object, java.lang.Object)'> (0x00000000f60a5bf0) 
thrown [src/hotspot/share/interpreter/linkResolver.cpp, line 758]
Event: 28.871 Thread 0x00007fa8b01616e0 Exception <a 'java/lang/NoSuchMethodError'{0x00000000f62358e0}: 'java.lang.Object java.lang.invoke.DirectMethodHandle$Holder.invokeStatic(java.lang.Object, int, java.lang.Object, java.lang.Object, java.lang.Object, java.lang.Object)'> (0x00000000f62358e0) 
thrown [src/hotspot/share/interpreter/linkResolver.cpp, line 758]
Event: 28.872 Thread 0x00007fa8b01616e0 Exception <a 'java/lang/NoSuchMethodError'{0x00000000f623db08}: 'java.lang.Object java.lang.invoke.DirectMethodHandle$Holder.newInvokeSpecial(java.lang.Object, int, java.lang.Object, java.lang.Object, java.lang.Object)'> (0x00000000f623db08) 
thrown [src/hotspot/share/interpreter/linkResolver.cpp, line 758]
Event: 60.291 Thread 0x00007fa8b01616e0 Implicit null exception at 0x00007fa92f2096d7 to 0x00007fa92f209823
Event: 125.680 Thread 0x00007fa8b01616e0 Exception <a 'java/lang/OutOfMemoryError'{0x00000000e00bea88}> (0x00000000e00bea88) 
thrown [src/hotspot/share/gc/shared/memAllocator.cpp, line 136]
Event: 127.671 Thread 0x00007fa8b0169850 Exception <a 'java/lang/ClassNotFoundException'{0x00000000f7b35908}: sun/util/logging/resources/spi/loggingProvider> (0x00000000f7b35908) 
thrown [src/hotspot/share/classfile/systemDictionary.cpp, line 256]
Event: 1387.885 Thread 0x00007fa8d467adb0 Exception <a 'java/lang/OutOfMemoryError'{0x00000000e00bed58}> (0x00000000e00bed58) 
thrown [src/hotspot/share/gc/shared/memAllocator.cpp, line 138]
Event: 1387.885 Thread 0x00007fa8d467adb0 Implicit null exception at 0x00007fa92f235010 to 0x00007fa92f235585
Event: 1420.970 Thread 0x00007fa8c40010d0 Exception <a 'java/lang/OutOfMemoryError'{0x00000000e00bea88}> (0x00000000e00bea88) 
thrown [src/hotspot/share/gc/shared/memAllocator.cpp, line 138]
Event: 1420.970 Thread 0x00007fa8c40010d0 Implicit null exception at 0x00007fa92f1f1fe4 to 0x00007fa92f1f202a
Event: 1452.291 Thread 0x00007fa9400b21e0 Exception <a 'java/lang/OutOfMemoryError'{0x00000000e00beda8}> (0x00000000e00beda8) 
thrown [src/hotspot/share/gc/shared/memAllocator.cpp, line 136]

VM Operations (20 events):
Event: 1426.318 Executing VM operation: ParallelGCFailedAllocation
Event: 1429.012 Executing VM operation: ParallelGCFailedAllocation done
Event: 1429.012 Executing VM operation: ParallelGCFailedAllocation
Event: 1431.573 Executing VM operation: ParallelGCFailedAllocation done
Event: 1431.574 Executing VM operation: ParallelGCFailedAllocation
Event: 1434.169 Executing VM operation: ParallelGCFailedAllocation done
Event: 1434.169 Executing VM operation: ParallelGCFailedAllocation
Event: 1436.579 Executing VM operation: ParallelGCFailedAllocation done
Event: 1436.579 Executing VM operation: ParallelGCFailedAllocation
Event: 1439.086 Executing VM operation: ParallelGCFailedAllocation done
Event: 1439.086 Executing VM operation: ParallelGCFailedAllocation
Event: 1441.585 Executing VM operation: ParallelGCFailedAllocation done
Event: 1441.585 Executing VM operation: ParallelGCFailedAllocation
Event: 1443.695 Executing VM operation: ParallelGCFailedAllocation done
Event: 1443.695 Executing VM operation: ParallelGCFailedAllocation
Event: 1445.866 Executing VM operation: ParallelGCFailedAllocation done
Event: 1445.867 Executing VM operation: ParallelGCFailedAllocation
Event: 1447.788 Executing VM operation: ParallelGCFailedAllocation done
Event: 1447.788 Executing VM operation: ParallelGCFailedAllocation
Event: 1452.290 Executing VM operation: ParallelGCFailedAllocation done

Events (20 events):
Event: 540.197 Thread 0x00007fa9400b4b40 flushing nmethod 0x00007fa928b78790
Event: 540.197 Thread 0x00007fa9400b4b40 flushing nmethod 0x00007fa928b91990
Event: 540.197 Thread 0x00007fa9400b4b40 flushing nmethod 0x00007fa928ba5210
Event: 540.197 Thread 0x00007fa9400b4b40 flushing nmethod 0x00007fa928ba6e90
Event: 540.197 Thread 0x00007fa9400b4b40 flushing nmethod 0x00007fa928ba9110
Event: 540.197 Thread 0x00007fa9400b4b40 flushing nmethod 0x00007fa928ba9890
Event: 540.197 Thread 0x00007fa9400b4b40 flushing nmethod 0x00007fa928baa110
Event: 540.197 Thread 0x00007fa9400b4b40 flushing nmethod 0x00007fa928bb4510
Event: 540.197 Thread 0x00007fa9400b4b40 flushing nmethod 0x00007fa928bb8f90
Event: 540.197 Thread 0x00007fa9400b4b40 flushing nmethod 0x00007fa928bb9d10
Event: 540.197 Thread 0x00007fa9400b4b40 flushing nmethod 0x00007fa928bba510
Event: 540.197 Thread 0x00007fa9400b4b40 flushing nmethod 0x00007fa928bbab10
Event: 540.197 Thread 0x00007fa9400b4b40 flushing nmethod 0x00007fa928bbbb10
Event: 540.197 Thread 0x00007fa9400b4b40 flushing nmethod 0x00007fa928bbce90
Event: 540.197 Thread 0x00007fa9400b4b40 flushing nmethod 0x00007fa928bbd510
Event: 540.197 Thread 0x00007fa9400b4b40 flushing nmethod 0x00007fa928bbf690
Event: 540.198 Thread 0x00007fa9400b4b40 flushing nmethod 0x00007fa928c4d990
Event: 540.198 Thread 0x00007fa9400b4b40 flushing nmethod 0x00007fa928c77990
Event: 540.198 Thread 0x00007fa9400b4b40 flushing nmethod 0x00007fa928c8c390
Event: 540.198 Thread 0x00007fa9400b4b40 flushing nmethod 0x00007fa928c8cb10


Dynamic libraries:
e0000000-f5580000 rw-p 00000000 00:00 0 
f5580000-fa580000 rw-p 00000000 00:00 0 
fa580000-100000000 ---p 00000000 00:00 0 
800000000-800449000 rw-p 00001000 00:147e 4611686019135357769            /nix/store/gpxl5qgg8kicmcvivwmybwjlpf7wh20l-graalvm17-ce-22.3.0/lib/server/classes.jsa
800449000-800bc8000 r--p 0044a000 00:147e 4611686019135357769            /nix/store/gpxl5qgg8kicmcvivwmybwjlpf7wh20l-graalvm17-ce-22.3.0/lib/server/classes.jsa
800bc8000-800c00000 ---p 00000000 00:00 0 
800c00000-800c20000 rw-p 00000000 00:00 0 
800c20000-800c40000 rw-p 00000000 00:00 0 
800c40000-800cc0000 rw-p 00000000 00:00 0 
800cc0000-800d00000 rw-p 00000000 00:00 0 
800d00000-800dc0000 rw-p 00000000 00:00 0 
800dc0000-800e00000 rw-p 00000000 00:00 0 
800e00000-801160000 rw-p 00000000 00:00 0 
801160000-801170000 rw-p 00000000 00:00 0 
801170000-801180000 ---p 00000000 00:00 0 
801180000-8011e0000 rw-p 00000000 00:00 0 
8011e0000-840c00000 ---p 00000000 00:00 0 
5611f75c2000-5611f75c3000 r-xp 00000000 00:147e 4611686019099417844      /nix/store/gpxl5qgg8kicmcvivwmybwjlpf7wh20l-graalvm17-ce-22.3.0/bin/.java-wrapped
5611f75c4000-5611f75c5000 r--p 00001000 00:147e 4611686019099417844      /nix/store/gpxl5qgg8kicmcvivwmybwjlpf7wh20l-graalvm17-ce-22.3.0/bin/.java-wrapped
5611f75c5000-5611f75c6000 rw-p 00002000 00:147e 4611686019099417844      /nix/store/gpxl5qgg8kicmcvivwmybwjlpf7wh20l-graalvm17-ce-22.3.0/bin/.java-wrapped
5611f75c6000-5611f75c7000 rw-p 00004000 00:147e 4611686019099417844      /nix/store/gpxl5qgg8kicmcvivwmybwjlpf7wh20l-graalvm17-ce-22.3.0/bin/.java-wrapped
5611f75c7000-5611f75c8000 rw-p 00005000 00:147e 4611686019099417844      /nix/store/gpxl5qgg8kicmcvivwmybwjlpf7wh20l-graalvm17-ce-22.3.0/bin/.java-wrapped
5611f84f1000-5611f8539000 rw-p 00000000 00:00 0                          [heap]
7fa86c000000-7fa86c021000 rw-p 00000000 00:00 0 
7fa86c021000-7fa870000000 ---p 00000000 00:00 0 
7fa874000000-7fa87404a000 rw-p 00000000 00:00 0 
7fa87404a000-7fa878000000 ---p 00000000 00:00 0 
7fa878000000-7fa878021000 rw-p 00000000 00:00 0 
7fa878021000-7fa87c000000 ---p 00000000 00:00 0 
7fa87c000000-7fa87c066000 rw-p 00000000 00:00 0 
7fa87c066000-7fa880000000 ---p 00000000 00:00 0 
7fa880000000-7fa880047000 rw-p 00000000 00:00 0 
7fa880047000-7fa884000000 ---p 00000000 00:00 0 
7fa884000000-7fa884064000 rw-p 00000000 00:00 0 
7fa884064000-7fa888000000 ---p 00000000 00:00 0 
7fa888000000-7fa8880af000 rw-p 00000000 00:00 0 
7fa8880af000-7fa88c000000 ---p 00000000 00:00 0 
7fa88c000000-7fa88c09f000 rw-p 00000000 00:00 0 
7fa88c09f000-7fa890000000 ---p 00000000 00:00 0 
7fa890000000-7fa890093000 rw-p 00000000 00:00 0 
7fa890093000-7fa894000000 ---p 00000000 00:00 0 
7fa894000000-7fa894064000 rw-p 00000000 00:00 0 
7fa894064000-7fa898000000 ---p 00000000 00:00 0 
7fa899300000-7fa899400000 ---p 00000000 00:00 0 
7fa899400000-7fa8999af000 r--p 01122000 00:147e 4611686019135190040      /nix/store/gpxl5qgg8kicmcvivwmybwjlpf7wh20l-graalvm17-ce-22.3.0/lib/libjvmcicompiler.so
7fa8999af000-7fa899b00000 r--p 00000000 00:00 0 
7fa899b00000-7fa899b3d000 rw-p 00000000 00:00 0 
7fa899b3d000-7fa89a05d000 rw-p 0185f000 00:147e 4611686019135190040      /nix/store/gpxl5qgg8kicmcvivwmybwjlpf7wh20l-graalvm17-ce-22.3.0/lib/libjvmcicompiler.so
7fa89a05d000-7fa89a444000 r--p 01d7f000 00:147e 4611686019135190040      /nix/store/gpxl5qgg8kicmcvivwmybwjlpf7wh20l-graalvm17-ce-22.3.0/lib/libjvmcicompiler.so
7fa89a4b3000-7fa8a4000000 r--s 00000000 00:147e 4611686019135192581      /nix/store/gpxl5qgg8kicmcvivwmybwjlpf7wh20l-graalvm17-ce-22.3.0/lib/modules
7fa8a4000000-7fa8a4250000 rw-p 00000000 00:00 0 
7fa8a4250000-7fa8a8000000 ---p 00000000 00:00 0 
7fa8a8000000-7fa8a8021000 rw-p 00000000 00:00 0 
7fa8a8021000-7fa8ac000000 ---p 00000000 00:00 0 
7fa8ac000000-7fa8ac021000 rw-p 00000000 00:00 0 
7fa8ac021000-7fa8b0000000 ---p 00000000 00:00 0 
7fa8b0000000-7fa8b01d6000 rw-p 00000000 00:00 0 
7fa8b01d6000-7fa8b4000000 ---p 00000000 00:00 0 
7fa8b4000000-7fa8b4021000 rw-p 00000000 00:00 0 
7fa8b4021000-7fa8b8000000 ---p 00000000 00:00 0 
7fa8b8800000-7fa8b8aa0000 rw-p 00000000 00:00 0 
7fa8b8aa0000-7fa8b8b40000 rw-p 00000000 00:00 0 
7fa8b8b40000-7fa8b8ca0000 rw-p 00000000 00:00 0 
7fa8b8ca0000-7fa8b9000000 ---p 00000000 00:00 0 
7fa8b9800000-7fa8b9b00000 rw-p 00000000 00:00 0 
7fa8b9b00000-7fa8b9bb0000 rw-p 00000000 00:00 0 
7fa8b9bb0000-7fa8b9c00000 ---p 00000000 00:00 0 
7fa8b9c00000-7fa8ba000000 rw-p 00000000 00:00 0 
7fa8ba800000-7fa8bb000000 rw-p 00000000 00:00 0 
7fa8bb000000-7fa8bb800000 rw-p 00000000 00:00 0 
7fa8bc000000-7fa8bc0ea000 rw-p 00000000 00:00 0 
7fa8bc0ea000-7fa8c0000000 ---p 00000000 00:00 0 
7fa8c0000000-7fa8c002c000 rw-p 00000000 00:00 0 
7fa8c002c000-7fa8c4000000 ---p 00000000 00:00 0 
7fa8c4000000-7fa8c4386000 rw-p 00000000 00:00 0 
7fa8c4386000-7fa8c8000000 ---p 00000000 00:00 0 
7fa8c8000000-7fa8c8080000 rw-p 00000000 00:00 0 
7fa8c8080000-7fa8cc000000 ---p 00000000 00:00 0 
7fa8cc000000-7fa8cc1df000 rw-p 00000000 00:00 0 
7fa8cc1df000-7fa8d0000000 ---p 00000000 00:00 0 
7fa8d0000000-7fa8d0021000 rw-p 00000000 00:00 0 
7fa8d0021000-7fa8d4000000 ---p 00000000 00:00 0 
7fa8d4000000-7fa8d4959000 rw-p 00000000 00:00 0 
7fa8d4959000-7fa8d8000000 ---p 00000000 00:00 0 
7fa8d8000000-7fa8d8021000 rw-p 00000000 00:00 0 
7fa8d8021000-7fa8dc000000 ---p 00000000 00:00 0 
7fa8dc000000-7fa8dc021000 rw-p 00000000 00:00 0 
7fa8dc021000-7fa8e0000000 ---p 00000000 00:00 0 
7fa8e0000000-7fa8e0021000 rw-p 00000000 00:00 0 
7fa8e0021000-7fa8e4000000 ---p 00000000 00:00 0 
7fa8e4000000-7fa8e4021000 rw-p 00000000 00:00 0 
7fa8e4021000-7fa8e8000000 ---p 00000000 00:00 0 
7fa8e8800000-7fa8e8900000 rw-p 00000000 00:00 0 
7fa8e8900000-7fa8e8d00000 rw-p 00000000 00:00 0 
7fa8e8d00000-7fa8e8e00000 rw-p 00000000 00:00 0 
7fa8e8e00000-7fa8e9000000 rw-p 00000000 00:00 0 
7fa8e9000000-7fa8e9100000 rw-p 00000000 00:00 0 
7fa8e9100000-7fa8e9200000 rw-p 00000000 00:00 0 
7fa8e9200000-7fa8e9780000 rw-p 00000000 00:00 0 
7fa8e9780000-7fa8e9800000 rw-p 00000000 00:00 0 
7fa8e9800000-7fa8e9810000 r-xp 00000000 00:147b 370                      /home/runner/.cache/jdt-language-server/config/org.eclipse.equinox.launcher/org.eclipse.equinox.launcher.gtk.linux.x86_64_1.2.400.v20211117-0650/eclipse_11600.so
7fa8e9810000-7fa8e9a0f000 ---p 00010000 00:147b 370                      /home/runner/.cache/jdt-language-server/config/org.eclipse.equinox.launcher/org.eclipse.equinox.launcher.gtk.linux.x86_64_1.2.400.v20211117-0650/eclipse_11600.so
7fa8e9a0f000-7fa8e9a10000 r--p 0000f000 00:147b 370                      /home/runner/.cache/jdt-language-server/config/org.eclipse.equinox.launcher/org.eclipse.equinox.launcher.gtk.linux.x86_64_1.2.400.v20211117-0650/eclipse_11600.so
7fa8e9a10000-7fa8e9a11000 rw-p 00010000 00:147b 370                      /home/runner/.cache/jdt-language-server/config/org.eclipse.equinox.launcher/org.eclipse.equinox.launcher.gtk.linux.x86_64_1.2.400.v20211117-0650/eclipse_11600.so
7fa8ea500000-7fa8ea504000 ---p 00000000 00:00 0 
7fa8ea504000-7fa8ea600000 rw-p 00000000 00:00 0 
7fa8ea700000-7fa8ea704000 ---p 00000000 00:00 0 
7fa8ea704000-7fa8ea800000 rw-p 00000000 00:00 0 
7fa8ea900000-7fa8ea904000 ---p 00000000 00:00 0 
7fa8ea904000-7fa8eaa00000 rw-p 00000000 00:00 0 
7fa8eab00000-7fa8eab04000 ---p 00000000 00:00 0 
7fa8eab04000-7fa8eac00000 rw-p 00000000 00:00 0 
7fa8ead00000-7fa8ead04000 ---p 00000000 00:00 0 
7fa8ead04000-7fa8eae00000 rw-p 00000000 00:00 0 
7fa8eaf00000-7fa8eaf04000 ---p 00000000 00:00 0 
7fa8eaf04000-7fa8eb000000 rw-p 00000000 00:00 0 
7fa8eb100000-7fa8eb104000 ---p 00000000 00:00 0 
7fa8eb104000-7fa8eb200000 rw-p 00000000 00:00 0 
7fa8eb300000-7fa8eb304000 ---p 00000000 00:00 0 
7fa8eb304000-7fa8eb400000 rw-p 00000000 00:00 0 
7fa8eb500000-7fa8eb504000 ---p 00000000 00:00 0 
7fa8eb504000-7fa8eb600000 rw-p 00000000 00:00 0 
7fa8eb700000-7fa8eb704000 ---p 00000000 00:00 0 
7fa8eb704000-7fa8eb800000 rw-p 00000000 00:00 0 
7fa8eb900000-7fa8eb904000 ---p 00000000 00:00 0 
7fa8eb904000-7fa8eba00000 rw-p 00000000 00:00 0 
7fa8ebb00000-7fa8ebb04000 ---p 00000000 00:00 0 
7fa8ebb04000-7fa8ebc00000 rw-p 00000000 00:00 0 
7fa8ebd00000-7fa8ebd04000 ---p 00000000 00:00 0 
7fa8ebd04000-7fa8ebe00000 rw-p 00000000 00:00 0 
7fa8ebf00000-7fa8ebf04000 ---p 00000000 00:00 0 
7fa8ebf04000-7fa8ec000000 rw-p 00000000 00:00 0 
7fa8ec000000-7fa8ec004000 ---p 00000000 00:00 0 
7fa8ec004000-7fa8ec100000 rw-p 00000000 00:00 0 
7fa8ec100000-7fa8ec104000 ---p 00000000 00:00 0 
7fa8ec104000-7fa8ec200000 rw-p 00000000 00:00 0 
7fa8ec200000-7fa8ec204000 ---p 00000000 00:00 0 
7fa8ec204000-7fa8ec300000 rw-p 00000000 00:00 0 
7fa8ec300000-7fa8ec304000 ---p 00000000 00:00 0 
7fa8ec304000-7fa8ec400000 rw-p 00000000 00:00 0 
7fa8ec500000-7fa8ec504000 ---p 00000000 00:00 0 
7fa8ec504000-7fa8ec600000 rw-p 00000000 00:00 0 
7fa8ec700000-7fa8ec704000 ---p 00000000 00:00 0 
7fa8ec704000-7fa8ec800000 rw-p 00000000 00:00 0 
7fa8ec900000-7fa8ec904000 ---p 00000000 00:00 0 
7fa8ec904000-7fa8eca00000 rw-p 00000000 00:00 0 
7fa8ed7a9000-7fa8edb00000 rw-p 00000000 00:00 0 
7fa8edc00000-7fa8efd6a000 r-xp 00000000 00:147e 4611686019135190040      /nix/store/gpxl5qgg8kicmcvivwmybwjlpf7wh20l-graalvm17-ce-22.3.0/lib/libjvmcicompiler.so
7fa8efd6a000-7fa8eff69000 ---p 0216a000 00:147e 4611686019135190040      /nix/store/gpxl5qgg8kicmcvivwmybwjlpf7wh20l-graalvm17-ce-22.3.0/lib/libjvmcicompiler.so
7fa8eff69000-7fa8eff6a000 r--p 02169000 00:147e 4611686019135190040      /nix/store/gpxl5qgg8kicmcvivwmybwjlpf7wh20l-graalvm17-ce-22.3.0/lib/libjvmcicompiler.so
7fa8eff6a000-7fa8eff6c000 rw-p 0216a000 00:147e 4611686019135190040      /nix/store/gpxl5qgg8kicmcvivwmybwjlpf7wh20l-graalvm17-ce-22.3.0/lib/libjvmcicompiler.so
7fa8eff6c000-7fa8eff6d000 rw-p 00000000 00:00 0 
7fa8eff6d000-7fa8eff72000 rw-p 023c3000 00:147e 4611686019135190040      /nix/store/gpxl5qgg8kicmcvivwmybwjlpf7wh20l-graalvm17-ce-22.3.0/lib/libjvmcicompiler.so
7fa8f0000000-7fa8f0021000 rw-p 00000000 00:00 0 
7fa8f0021000-7fa8f4000000 ---p 00000000 00:00 0 
7fa8f4000000-7fa8f4021000 rw-p 00000000 00:00 0 
7fa8f4021000-7fa8f8000000 ---p 00000000 00:00 0 
7fa8f8000000-7fa8f8021000 rw-p 00000000 00:00 0 
7fa8f8021000-7fa8fc000000 ---p 00000000 00:00 0 
7fa8fc000000-7fa8fc021000 rw-p 00000000 00:00 0 
7fa8fc021000-7fa900000000 ---p 00000000 00:00 0 
7fa900000000-7fa9000f1000 rw-p 00000000 00:00 0 
7fa9000f1000-7fa904000000 ---p 00000000 00:00 0 
7fa904000000-7fa904ad1000 rw-p 00000000 00:00 0 
7fa904ad1000-7fa908000000 ---p 00000000 00:00 0 
7fa908000000-7fa908021000 rw-p 00000000 00:00 0 
7fa908021000-7fa90c000000 ---p 00000000 00:00 0 
7fa90c000000-7fa90c021000 rw-p 00000000 00:00 0 
7fa90c021000-7fa910000000 ---p 00000000 00:00 0 
7fa910000000-7fa910021000 rw-p 00000000 00:00 0 
7fa910021000-7fa914000000 ---p 00000000 00:00 0 
7fa914000000-7fa914021000 rw-p 00000000 00:00 0 
7fa914021000-7fa918000000 ---p 00000000 00:00 0 
7fa918000000-7fa918021000 rw-p 00000000 00:00 0 
7fa918021000-7fa91c000000 ---p 00000000 00:00 0 
7fa91c000000-7fa91c021000 rw-p 00000000 00:00 0 
7fa91c021000-7fa920000000 ---p 00000000 00:00 0 
7fa920000000-7fa9201c9000 rw-p 00000000 00:00 0 
7fa9201c9000-7fa924000000 ---p 00000000 00:00 0 
7fa924000000-7fa924004000 ---p 00000000 00:00 0 
7fa924004000-7fa924100000 rw-p 00000000 00:00 0 
7fa924100000-7fa924104000 ---p 00000000 00:00 0 
7fa924104000-7fa924200000 rw-p 00000000 00:00 0 
7fa924200000-7fa924204000 ---p 00000000 00:00 0 
7fa924204000-7fa924300000 rw-p 00000000 00:00 0 
7fa924400000-7fa924404000 ---p 00000000 00:00 0 
7fa924404000-7fa924500000 rw-p 00000000 00:00 0 
7fa924505000-7fa924646000 rw-p 00000000 00:00 0 
7fa924646000-7fa924647000 ---p 00000000 00:00 0 
7fa924647000-7fa924748000 rw-p 00000000 00:00 0 
7fa924748000-7fa92474c000 ---p 00000000 00:00 0 
7fa92474c000-7fa924848000 rw-p 00000000 00:00 0 
7fa924848000-7fa92484c000 ---p 00000000 00:00 0 
7fa92484c000-7fa924948000 rw-p 00000000 00:00 0 
7fa924948000-7fa92494c000 ---p 00000000 00:00 0 
7fa92494c000-7fa924a48000 rw-p 00000000 00:00 0 
7fa924a48000-7fa924a4c000 ---p 00000000 00:00 0 
7fa924a4c000-7fa924c48000 rw-p 00000000 00:00 0 
7fa924c48000-7fa924c4c000 ---p 00000000 00:00 0 
7fa924c4c000-7fa924e48000 rw-p 00000000 00:00 0 
7fa924e48000-7fa924e4c000 ---p 00000000 00:00 0 
7fa924e4c000-7fa924f48000 rw-p 00000000 00:00 0 
7fa924f48000-7fa924f4c000 ---p 00000000 00:00 0 
7fa924f4c000-7fa925048000 rw-p 00000000 00:00 0 
7fa925048000-7fa92504c000 ---p 00000000 00:00 0 
7fa92504c000-7fa925148000 rw-p 00000000 00:00 0 
7fa925148000-7fa92542e000 r--p 00000000 00:13a5 28444448                 /usr/lib/locale/locale-archive
7fa92542e000-7fa925432000 ---p 00000000 00:00 0 
7fa925432000-7fa92552e000 rw-p 00000000 00:00 0 
7fa92552e000-7fa925532000 ---p 00000000 00:00 0 
7fa925532000-7fa92562e000 rw-p 00000000 00:00 0 
7fa92562e000-7fa92562f000 ---p 00000000 00:00 0 
7fa92562f000-7fa925730000 rw-p 00000000 00:00 0 
7fa925730000-7fa9257fe000 r-xp 00000000 00:147e 4611686019135190036      /nix/store/gpxl5qgg8kicmcvivwmybwjlpf7wh20l-graalvm17-ce-22.3.0/lib/libjsvml.so
7fa9257fe000-7fa9257ff000 r--p 000cd000 00:147e 4611686019135190036      /nix/store/gpxl5qgg8kicmcvivwmybwjlpf7wh20l-graalvm17-ce-22.3.0/lib/libjsvml.so
7fa9257ff000-7fa925800000 rw-p 000ce000 00:147e 4611686019135190036      /nix/store/gpxl5qgg8kicmcvivwmybwjlpf7wh20l-graalvm17-ce-22.3.0/lib/libjsvml.so
7fa925800000-7fa925c00000 rw-p 00000000 00:00 0 
7fa925c00000-7fa925f00000 rw-p 00000000 00:00 0 
7fa925f00000-7fa926000000 rw-p 00000000 00:00 0 
7fa926081000-7fa926085000 ---p 00000000 00:00 0 
7fa926085000-7fa9260a3000 rw-p 00000000 00:00 0 
7fa9260a3000-7fa9260aa000 r-xp 00000000 00:147e 4611686019135192580      /nix/store/gpxl5qgg8kicmcvivwmybwjlpf7wh20l-graalvm17-ce-22.3.0/lib/libzip.so
7fa9260aa000-7fa9260ab000 ---p 00007000 00:147e 4611686019135192580      /nix/store/gpxl5qgg8kicmcvivwmybwjlpf7wh20l-graalvm17-ce-22.3.0/lib/libzip.so
7fa9260ab000-7fa9260ac000 r--p 00007000 00:147e 4611686019135192580      /nix/store/gpxl5qgg8kicmcvivwmybwjlpf7wh20l-graalvm17-ce-22.3.0/lib/libzip.so
7fa9260ac000-7fa9260ad000 rw-p 00008000 00:147e 4611686019135192580      /nix/store/gpxl5qgg8kicmcvivwmybwjlpf7wh20l-graalvm17-ce-22.3.0/lib/libzip.so
7fa9260ad000-7fa9260af000 rw-p 0000b000 00:147e 4611686019135192580      /nix/store/gpxl5qgg8kicmcvivwmybwjlpf7wh20l-graalvm17-ce-22.3.0/lib/libzip.so
7fa9260af000-7fa9274b3000 rw-p 00000000 00:00 0 
7fa9274b3000-7fa927723000 rwxp 00000000 00:00 0 
7fa927723000-7fa927a42000 ---p 00000000 00:00 0 
7fa927a42000-7fa928d62000 rwxp 00000000 00:00 0 
7fa928d62000-7fa92ef7a000 ---p 00000000 00:00 0 
7fa92ef7a000-7fa92f28a000 rwxp 00000000 00:00 0 
7fa92f28a000-7fa9364b3000 ---p 00000000 00:00 0 
7fa9364b3000-7fa940000000 r--s 00000000 00:147e 4611686019135192581      /nix/store/gpxl5qgg8kicmcvivwmybwjlpf7wh20l-graalvm17-ce-22.3.0/lib/modules
7fa940000000-7fa940408000 rw-p 00000000 00:00 0 
7fa940408000-7fa944000000 ---p 00000000 00:00 0 
7fa944008000-7fa94401d000 r-xp 00000000 00:147e 4611686019135192570      /nix/store/gpxl5qgg8kicmcvivwmybwjlpf7wh20l-graalvm17-ce-22.3.0/lib/libnet.so
7fa94401d000-7fa94401e000 ---p 00015000 00:147e 4611686019135192570      /nix/store/gpxl5qgg8kicmcvivwmybwjlpf7wh20l-graalvm17-ce-22.3.0/lib/libnet.so
7fa94401e000-7fa94401f000 r--p 00015000 00:147e 4611686019135192570      /nix/store/gpxl5qgg8kicmcvivwmybwjlpf7wh20l-graalvm17-ce-22.3.0/lib/libnet.so
7fa94401f000-7fa944020000 rw-p 00016000 00:147e 4611686019135192570      /nix/store/gpxl5qgg8kicmcvivwmybwjlpf7wh20l-graalvm17-ce-22.3.0/lib/libnet.so
7fa944020000-7fa944023000 rw-p 0001b000 00:147e 4611686019135192570      /nix/store/gpxl5qgg8kicmcvivwmybwjlpf7wh20l-graalvm17-ce-22.3.0/lib/libnet.so
7fa944023000-7fa944036000 r-xp 00000000 00:147e 4611686019135192571      /nix/store/gpxl5qgg8kicmcvivwmybwjlpf7wh20l-graalvm17-ce-22.3.0/lib/libnio.so
7fa944036000-7fa944037000 r--p 00012000 00:147e 4611686019135192571      /nix/store/gpxl5qgg8kicmcvivwmybwjlpf7wh20l-graalvm17-ce-22.3.0/lib/libnio.so
7fa944037000-7fa944038000 rw-p 00013000 00:147e 4611686019135192571      /nix/store/gpxl5qgg8kicmcvivwmybwjlpf7wh20l-graalvm17-ce-22.3.0/lib/libnio.so
7fa944038000-7fa94403d000 rw-p 00019000 00:147e 4611686019135192571      /nix/store/gpxl5qgg8kicmcvivwmybwjlpf7wh20l-graalvm17-ce-22.3.0/lib/libnio.so
7fa94403d000-7fa944511000 rw-p 00000000 00:00 0 
7fa944511000-7fa944512000 ---p 00000000 00:00 0 
7fa944512000-7fa9446bd000 rw-p 00000000 00:00 0 
7fa9446bd000-7fa9446e6000 rw-p 00000000 00:00 0 
7fa9446e6000-7fa944713000 ---p 00000000 00:00 0 
7fa944713000-7fa94471b000 rw-p 00000000 00:00 0 
7fa94471b000-7fa9447ff000 ---p 00000000 00:00 0 
7fa9447ff000-7fa944826000 rw-p 00000000 00:00 0 
7fa944826000-7fa9448ea000 ---p 00000000 00:00 0 
7fa9448ea000-7fa9448ef000 rw-p 00000000 00:00 0 
7fa9448ef000-7fa9448f6000 ---p 00000000 00:00 0 
7fa9448f6000-7fa94491a000 r-xp 00000000 00:147e 4611686019135190028      /nix/store/gpxl5qgg8kicmcvivwmybwjlpf7wh20l-graalvm17-ce-22.3.0/lib/libjava.so
7fa94491a000-7fa94491b000 ---p 00024000 00:147e 4611686019135190028      /nix/store/gpxl5qgg8kicmcvivwmybwjlpf7wh20l-graalvm17-ce-22.3.0/lib/libjava.so
7fa94491b000-7fa94491c000 r--p 00024000 00:147e 4611686019135190028      /nix/store/gpxl5qgg8kicmcvivwmybwjlpf7wh20l-graalvm17-ce-22.3.0/lib/libjava.so
7fa94491c000-7fa94491d000 rw-p 00025000 00:147e 4611686019135190028      /nix/store/gpxl5qgg8kicmcvivwmybwjlpf7wh20l-graalvm17-ce-22.3.0/lib/libjava.so
7fa94491d000-7fa94491e000 rw-p 00000000 00:00 0 
7fa94491e000-7fa944925000 rw-p 0002f000 00:147e 4611686019135190028      /nix/store/gpxl5qgg8kicmcvivwmybwjlpf7wh20l-graalvm17-ce-22.3.0/lib/libjava.so
7fa944925000-7fa94492d000 rw-s 00000000 00:13a1 668                      /tmp/hsperfdata_runner/235
7fa94492d000-7fa94492e000 ---p 00000000 00:00 0 
7fa94492e000-7fa94492f000 r--p 00000000 00:00 0 
7fa94492f000-7fa944930000 rwxp 00000000 00:00 0 
7fa944930000-7fa94494b000 r-xp 00000000 00:147e 4611686019135190032      /nix/store/gpxl5qgg8kicmcvivwmybwjlpf7wh20l-graalvm17-ce-22.3.0/lib/libjimage.so
7fa94494b000-7fa94494c000 ---p 0001b000 00:147e 4611686019135190032      /nix/store/gpxl5qgg8kicmcvivwmybwjlpf7wh20l-graalvm17-ce-22.3.0/lib/libjimage.so
7fa94494c000-7fa94494e000 r--p 0001b000 00:147e 4611686019135190032      /nix/store/gpxl5qgg8kicmcvivwmybwjlpf7wh20l-graalvm17-ce-22.3.0/lib/libjimage.so
7fa94494e000-7fa94494f000 rw-p 0001d000 00:147e 4611686019135190032      /nix/store/gpxl5qgg8kicmcvivwmybwjlpf7wh20l-graalvm17-ce-22.3.0/lib/libjimage.so
7fa94494f000-7fa944950000 rw-p 00024000 00:147e 4611686019135190032      /nix/store/gpxl5qgg8kicmcvivwmybwjlpf7wh20l-graalvm17-ce-22.3.0/lib/libjimage.so
7fa944950000-7fa944954000 ---p 00000000 00:00 0 
7fa944954000-7fa944a50000 rw-p 00000000 00:00 0 
7fa944a50000-7fa944a5e000 r--p 00000000 00:147e 4611686019027979927      /nix/store/4nlgxhb09sdr51nc9hdm8az5b08vzkgx-glibc-2.35-163/lib/libm.so.6
7fa944a5e000-7fa944ad1000 r-xp 0000e000 00:147e 4611686019027979927      /nix/store/4nlgxhb09sdr51nc9hdm8az5b08vzkgx-glibc-2.35-163/lib/libm.so.6
7fa944ad1000-7fa944b2e000 r--p 00081000 00:147e 4611686019027979927      /nix/store/4nlgxhb09sdr51nc9hdm8az5b08vzkgx-glibc-2.35-163/lib/libm.so.6
7fa944b2e000-7fa944b2f000 r--p 000dd000 00:147e 4611686019027979927      /nix/store/4nlgxhb09sdr51nc9hdm8az5b08vzkgx-glibc-2.35-163/lib/libm.so.6
7fa944b2f000-7fa944b30000 rw-p 000de000 00:147e 4611686019027979927      /nix/store/4nlgxhb09sdr51nc9hdm8az5b08vzkgx-glibc-2.35-163/lib/libm.so.6
7fa944b30000-7fa944b31000 r--p 00000000 00:147e 4611686019027979946      /nix/store/4nlgxhb09sdr51nc9hdm8az5b08vzkgx-glibc-2.35-163/lib/librt.so.1
7fa944b31000-7fa944b32000 r-xp 00001000 00:147e 4611686019027979946      /nix/store/4nlgxhb09sdr51nc9hdm8az5b08vzkgx-glibc-2.35-163/lib/librt.so.1
7fa944b32000-7fa944b33000 r--p 00002000 00:147e 4611686019027979946      /nix/store/4nlgxhb09sdr51nc9hdm8az5b08vzkgx-glibc-2.35-163/lib/librt.so.1
7fa944b33000-7fa944b34000 r--p 00002000 00:147e 4611686019027979946      /nix/store/4nlgxhb09sdr51nc9hdm8az5b08vzkgx-glibc-2.35-163/lib/librt.so.1
7fa944b34000-7fa944b35000 rw-p 00003000 00:147e 4611686019027979946      /nix/store/4nlgxhb09sdr51nc9hdm8az5b08vzkgx-glibc-2.35-163/lib/librt.so.1
7fa944b35000-7fa945c48000 r-xp 00000000 00:147e 4611686019135360866      /nix/store/gpxl5qgg8kicmcvivwmybwjlpf7wh20l-graalvm17-ce-22.3.0/lib/server/libjvm.so
7fa945c48000-7fa945c49000 ---p 01113000 00:147e 4611686019135360866      /nix/store/gpxl5qgg8kicmcvivwmybwjlpf7wh20l-graalvm17-ce-22.3.0/lib/server/libjvm.so
7fa945c49000-7fa945cfe000 r--p 01113000 00:147e 4611686019135360866      /nix/store/gpxl5qgg8kicmcvivwmybwjlpf7wh20l-graalvm17-ce-22.3.0/lib/server/libjvm.so
7fa945cfe000-7fa945d32000 rw-p 011c8000 00:147e 4611686019135360866      /nix/store/gpxl5qgg8kicmcvivwmybwjlpf7wh20l-graalvm17-ce-22.3.0/lib/server/libjvm.so
7fa945d32000-7fa945d8e000 rw-p 00000000 00:00 0 
7fa945d8e000-7fa945db6000 r--p 00000000 00:147e 4611686019027979918      /nix/store/4nlgxhb09sdr51nc9hdm8az5b08vzkgx-glibc-2.35-163/lib/libc.so.6
7fa945db6000-7fa945f2c000 r-xp 00028000 00:147e 4611686019027979918      /nix/store/4nlgxhb09sdr51nc9hdm8az5b08vzkgx-glibc-2.35-163/lib/libc.so.6
7fa945f2c000-7fa945f84000 r--p 0019e000 00:147e 4611686019027979918      /nix/store/4nlgxhb09sdr51nc9hdm8az5b08vzkgx-glibc-2.35-163/lib/libc.so.6
7fa945f84000-7fa945f88000 r--p 001f6000 00:147e 4611686019027979918      /nix/store/4nlgxhb09sdr51nc9hdm8az5b08vzkgx-glibc-2.35-163/lib/libc.so.6
7fa945f88000-7fa945f8a000 rw-p 001fa000 00:147e 4611686019027979918      /nix/store/4nlgxhb09sdr51nc9hdm8az5b08vzkgx-glibc-2.35-163/lib/libc.so.6
7fa945f8a000-7fa945f99000 rw-p 00000000 00:00 0 
7fa945f99000-7fa945f9a000 r--p 00000000 00:147e 4611686019027979923      /nix/store/4nlgxhb09sdr51nc9hdm8az5b08vzkgx-glibc-2.35-163/lib/libdl.so.2
7fa945f9a000-7fa945f9b000 r-xp 00001000 00:147e 4611686019027979923      /nix/store/4nlgxhb09sdr51nc9hdm8az5b08vzkgx-glibc-2.35-163/lib/libdl.so.2
7fa945f9b000-7fa945f9c000 r--p 00002000 00:147e 4611686019027979923      /nix/store/4nlgxhb09sdr51nc9hdm8az5b08vzkgx-glibc-2.35-163/lib/libdl.so.2
7fa945f9c000-7fa945f9d000 r--p 00002000 00:147e 4611686019027979923      /nix/store/4nlgxhb09sdr51nc9hdm8az5b08vzkgx-glibc-2.35-163/lib/libdl.so.2
7fa945f9d000-7fa945f9e000 rw-p 00003000 00:147e 4611686019027979923      /nix/store/4nlgxhb09sdr51nc9hdm8az5b08vzkgx-glibc-2.35-163/lib/libdl.so.2
7fa945f9e000-7fa945f9f000 r--p 00000000 00:147e 4611686019027979942      /nix/store/4nlgxhb09sdr51nc9hdm8az5b08vzkgx-glibc-2.35-163/lib/libpthread.so.0
7fa945f9f000-7fa945fa0000 r-xp 00001000 00:147e 4611686019027979942      /nix/store/4nlgxhb09sdr51nc9hdm8az5b08vzkgx-glibc-2.35-163/lib/libpthread.so.0
7fa945fa0000-7fa945fa1000 r--p 00002000 00:147e 4611686019027979942      /nix/store/4nlgxhb09sdr51nc9hdm8az5b08vzkgx-glibc-2.35-163/lib/libpthread.so.0
7fa945fa1000-7fa945fa2000 r--p 00002000 00:147e 4611686019027979942      /nix/store/4nlgxhb09sdr51nc9hdm8az5b08vzkgx-glibc-2.35-163/lib/libpthread.so.0
7fa945fa2000-7fa945fa3000 rw-p 00003000 00:147e 4611686019027979942      /nix/store/4nlgxhb09sdr51nc9hdm8az5b08vzkgx-glibc-2.35-163/lib/libpthread.so.0
7fa945fa3000-7fa945fb1000 r-xp 00000000 00:147e 4611686019135190033      /nix/store/gpxl5qgg8kicmcvivwmybwjlpf7wh20l-graalvm17-ce-22.3.0/lib/libjli.so
7fa945fb1000-7fa945fb2000 ---p 0000e000 00:147e 4611686019135190033      /nix/store/gpxl5qgg8kicmcvivwmybwjlpf7wh20l-graalvm17-ce-22.3.0/lib/libjli.so
7fa945fb2000-7fa945fb3000 r--p 0000e000 00:147e 4611686019135190033      /nix/store/gpxl5qgg8kicmcvivwmybwjlpf7wh20l-graalvm17-ce-22.3.0/lib/libjli.so
7fa945fb3000-7fa945fb4000 rw-p 0000f000 00:147e 4611686019135190033      /nix/store/gpxl5qgg8kicmcvivwmybwjlpf7wh20l-graalvm17-ce-22.3.0/lib/libjli.so
7fa945fb4000-7fa945fb5000 rw-p 00012000 00:147e 4611686019135190033      /nix/store/gpxl5qgg8kicmcvivwmybwjlpf7wh20l-graalvm17-ce-22.3.0/lib/libjli.so
7fa945fb5000-7fa945fb8000 r--p 00000000 00:147e 4611686019106210071      /nix/store/026hln0aq1hyshaxsdvhg0kmcm6yf45r-zlib-1.2.13/lib/libz.so.1.2.13
7fa945fb8000-7fa945fca000 r-xp 00003000 00:147e 4611686019106210071      /nix/store/026hln0aq1hyshaxsdvhg0kmcm6yf45r-zlib-1.2.13/lib/libz.so.1.2.13
7fa945fca000-7fa945fd1000 r--p 00015000 00:147e 4611686019106210071      /nix/store/026hln0aq1hyshaxsdvhg0kmcm6yf45r-zlib-1.2.13/lib/libz.so.1.2.13
7fa945fd1000-7fa945fd2000 r--p 0001b000 00:147e 4611686019106210071      /nix/store/026hln0aq1hyshaxsdvhg0kmcm6yf45r-zlib-1.2.13/lib/libz.so.1.2.13
7fa945fd2000-7fa945fd3000 rw-p 0001c000 00:147e 4611686019106210071      /nix/store/026hln0aq1hyshaxsdvhg0kmcm6yf45r-zlib-1.2.13/lib/libz.so.1.2.13
7fa945fd3000-7fa945fd5000 rw-p 00000000 00:00 0 
7fa945fd5000-7fa945fd7000 r--p 00000000 00:147e 4611686019027979912      /nix/store/4nlgxhb09sdr51nc9hdm8az5b08vzkgx-glibc-2.35-163/lib/ld-linux-x86-64.so.2
7fa945fd7000-7fa945ffe000 r-xp 00002000 00:147e 4611686019027979912      /nix/store/4nlgxhb09sdr51nc9hdm8az5b08vzkgx-glibc-2.35-163/lib/ld-linux-x86-64.so.2
7fa945ffe000-7fa94600a000 r--p 00029000 00:147e 4611686019027979912      /nix/store/4nlgxhb09sdr51nc9hdm8az5b08vzkgx-glibc-2.35-163/lib/ld-linux-x86-64.so.2
7fa94600a000-7fa94600c000 r--p 00034000 00:147e 4611686019027979912      /nix/store/4nlgxhb09sdr51nc9hdm8az5b08vzkgx-glibc-2.35-163/lib/ld-linux-x86-64.so.2
7fa94600c000-7fa94600e000 rw-p 00036000 00:147e 4611686019027979912      /nix/store/4nlgxhb09sdr51nc9hdm8az5b08vzkgx-glibc-2.35-163/lib/ld-linux-x86-64.so.2
7ffd970b9000-7ffd970de000 rw-p 00000000 00:00 0                          [stack]
7ffd97169000-7ffd9716d000 r--p 00000000 00:00 0                          [vvar]
7ffd9716d000-7ffd9716f000 r-xp 00000000 00:00 0                          [vdso]
ffffffffff600000-ffffffffff601000 --xp 00000000 00:00 0                  [vsyscall]


VM Arguments:
jvm_args: -XX:ThreadPriorityPolicy=1 -XX:+UnlockExperimentalVMOptions -XX:+EnableJVMCIProduct -XX:JVMCIThreadsPerNativeLibraryRuntime=1 -XX:-UnlockExperimentalVMOptions -Declipse.application=org.eclipse.jdt.ls.core.id1 -Dosgi.bundles.defaultStartLevel=4 -Declipse.product=org.eclipse.jdt.ls.core.product -Dlog.level=ALL -Xverify:none -XX:+UseParallelGC -XX:GCTimeRatio=4 -XX:AdaptiveSizePolicyWeight=90 -Dsun.zip.disableMemoryMapping=true -Xmx512m -Xms100m 
java_command: /nix/store/m6gcpi1ii6rghy04cjwjddcavv7i90df-jdt-language-server-1.9.0/share/java/plugins/org.eclipse.equinox.launcher_1.6.400.v20210924-0641.jar --add-modules=ALL-SYSTEM --add-opens java.base/java.util=ALL-UNNAMED --add-opens java.base/java.lang=ALL-UNNAMED -configuration /home/runner/.cache/jdt-language-server/config -data /home/runner/.cache/jdt-language-server/data/home/runner/prayyoudontgetbeatRPG
java_class_path (initial): /nix/store/m6gcpi1ii6rghy04cjwjddcavv7i90df-jdt-language-server-1.9.0/share/java/plugins/org.eclipse.equinox.launcher_1.6.400.v20210924-0641.jar
Launcher Type: SUN_STANDARD

[Global flags]
    uintx AdaptiveSizePolicyWeight                 = 90                                        {product} {command line}
     intx CICompilerCount                          = 2                                         {product} {ergonomic}
     bool EnableJVMCIProduct                       = true                                {JVMCI product} {jimage}
    uintx GCTimeRatio                              = 4                                         {product} {command line}
   size_t InitialHeapSize                          = 104857600                                 {product} {command line}
     uint JVMCIThreadsPerNativeLibraryRuntime      = 1                                   {JVMCI product} {jimage}
   size_t MaxHeapSize                              = 536870912                                 {product} {command line}
   size_t MaxNewSize                               = 178782208                                 {product} {ergonomic}
   size_t MinHeapDeltaBytes                        = 524288                                    {product} {ergonomic}
   size_t MinHeapSize                              = 104857600                                 {product} {command line}
   size_t NewSize                                  = 34603008                                  {product} {ergonomic}
    uintx NonNMethodCodeHeapSize                   = 5826188                                {pd product} {ergonomic}
    uintx NonProfiledCodeHeapSize                  = 122916026                              {pd product} {ergonomic}
   size_t OldSize                                  = 70254592                                  {product} {ergonomic}
    uintx ProfiledCodeHeapSize                     = 122916026                              {pd product} {ergonomic}
    uintx ReservedCodeCacheSize                    = 251658240                              {pd product} {ergonomic}
     bool SegmentedCodeCache                       = true                                      {product} {ergonomic}
   size_t SoftMaxHeapSize                          = 536870912                              {manageable} {ergonomic}
     intx ThreadPriorityPolicy                     = 1                                         {product} {jimage}
     bool UseCompressedClassPointers               = true                           {product lp64_product} {ergonomic}
     bool UseCompressedOops                        = true                           {product lp64_product} {ergonomic}
     bool UseParallelGC                            = true                                      {product} {command line}

Logging:
Log output configuration:
 #0: stdout all=warning uptime,level,tags
 #1: stderr all=off uptime,level,tags

Environment Variables:
JAVA_HOME=/nix/store/gpxl5qgg8kicmcvivwmybwjlpf7wh20l-graalvm17-ce-22.3.0
PATH=/nix/store/1d6ian3r8kdzspw8hacjhl3xkp40g1lj-binutils-wrapper-2.39/bin:/nix/store/dq0xwmsk1g0i2ayg6pb7y87na2knzylh-gcc-wrapper-11.3.0/bin:/nix/store/bap4d0lpcrhpwmpb8ayjcgkmvfj62lnq-bash-interactive-5.1-p16/bin:/nix/store/pr5n59mb4jzmfx6kanwxly0l07p861fg-patchelf-0.15.0/bin:/nix/store/1gf2flfqnpqbr1b4p4qz2f72y42bs56r-gcc-11.3.0/bin:/nix/store/57xv61c5zi8pphjbcwxxjlgc34p61ic9-glibc-2.35-163-bin/bin:/nix/store/a7gvj343m05j2s32xcnwr35v31ynlypr-coreutils-9.1/bin:/nix/store/039g378vc3pc3dvi9dzdlrd0i4q93qwf-binutils-2.39/bin:/nix/store/nzr2jpb7d5aj7rmw5zxcs30xvx0gwmpz-mrbayes-3.2.7a/bin:/nix/store/gpxl5qgg8kicmcvivwmybwjlpf7wh20l-graalvm17-ce-22.3.0/bin:/nix/store/6z9ag3ihc8mq2hzsw48lhbznvzny65nz-apache-maven-3.8.6/bin:/nix/store/m6gcpi1ii6rghy04cjwjddcavv7i90df-jdt-language-server-1.9.0/bin:/nix/store/84xs5alhs01zrbr4ywm05kxbjbp5590l-java-debug/bin:/nix/store/mydc6f4k2z73xlcz7ilif3v2lcaiqvza-findutils-4.9.0/bin:/nix/store/j9p3g8472iijd50vhdprx0nmk2fqn5gv-diffutils-3.8/bin:/nix/store/89zs7rms6x00xfq4dq6m7mjnhkr8a6r4-gnused-4.8/bin:/nix/store/86bp03jkmsl6f92w0yzg4s59g5mhxwmy-gnugrep-3.7/bin:/nix/store/hwcdqw4jrjnd37wxqgsd47hd0j8bnj09-gawk-5.1.1/bin:/nix/store/cfbhw8r8ags41vwqaz47r583d0p4h4a1-gnutar-1.34/bin:/nix/store/p3m1ndl1lapwrlh698bnb5lvvxh67378-gzip-1.12/bin:/nix/store/a8mhcagrsly7c7mpjrpsnaahk4aax056-bzip2-1.0.8-bin/bin:/nix/store/mblgz65m3zv9x548a3d5m96fj2pbwr09-gnumake-4.3/bin:/nix/store/dsd5gz46hdbdk2rfdimqddhq6m8m8fqs-bash-5.1-p16/bin:/nix/store/v7ljksji50mg3w61dykaa3n3y79n6nil-patch-2.7.6/bin:/nix/store/zlcnmqq14jz5x9439jf937mvayyl63da-xz-5.2.7-bin/bin:/nix/store/y6aj732zm9m87c82fpvf103a1xb22blp-file-5.43/bin:/nix/store/i4kzir3m7mrisxmf5xvlnkw01x4qaqr4-prybar-elisp-0.0.0-e0d9a52/bin:/nix/store/lwwivxf6h7x3cvxp9zv8sj0mv7dak99r-prybar-lua-0.0.0-e0d9a52/bin:/nix/store/gxj28g1cg4hq3qanmjv07156h800qr58-prybar-python3-0.0.0-e0d9a52/bin:/nix/store/hshkjnxrgidigf8x75vg6lqng2xlx9i3-prybar-sqlite-0.0.0-e0d9a52/bin:/nix/store/c4w01bpjgyy5ixmwdk8m1pw87zq4sl26-prybar-tcl-0
LD_LIBRARY_PATH=/nix/store/a4pff549sk2idnkpzk5nsfps3mdkdnvm-cups-2.4.2-lib/lib:/nix/store/72mqxxhh3cy5yifh92wh2yb8cl2hikyy-cairo-1.16.0/lib:/nix/store/2k366jrbsra97gjfxwvrhvixjfxdach5-glib-2.74.1/lib:/nix/store/2j2znigd8ak37rlwh9khz0ry3clqlw1l-gtk+3-3.24.34/lib:/nix/store/hisqvx32cd57apbpcsnkpx6k3549wql1-libglvnd-1.4.0/lib:/nix/store/p36pgcv991mq5srvg765b78yqpxvk3qs-mesa-21.3.3-drivers/lib:/nix/store/mav4251if1ahjq5vkpwycyyvnmy459c4-pulseaudio-14.2/lib
DISPLAY=:0
LANG=en_US.UTF-8

Signal Handlers:
   SIGSEGV: crash_handler in libjvm.so, mask=11100100010111111101111111111110, flags=SA_RESTART|SA_SIGINFO
    SIGBUS: crash_handler in libjvm.so, mask=11100100010111111101111111111110, flags=SA_RESTART|SA_SIGINFO
    SIGFPE: crash_handler in libjvm.so, mask=11100100010111111101111111111110, flags=SA_RESTART|SA_SIGINFO
   SIGPIPE: IsolateEnterStub_IgnoreSIGPIPEStartupHook_noopSignalHandler_8f19bff2f35b5f630d83b364d6b2339320d4ec70_216e8361c6bc87a8f89f58cc10d3b2fd4415bf87 in libjvmcicompiler.so, mask=00000000000000000000000000000000, flags=SA_RESTART
  *** Handler was modified!
  *** Expected: javaSignalHandler in libjvm.so, mask=11100100110111111111111111111110, flags=SA_RESTART|SA_SIGINFO
   SIGXFSZ: javaSignalHandler in libjvm.so, mask=11100100010111111101111111111110, flags=SA_RESTART|SA_SIGINFO
    SIGILL: crash_handler in libjvm.so, mask=11100100010111111101111111111110, flags=SA_RESTART|SA_SIGINFO
   SIGUSR2: SR_handler in libjvm.so, mask=00000000000000000000000000000000, flags=SA_RESTART|SA_SIGINFO
    SIGHUP: UserHandler in libjvm.so, mask=11100100010111111101111111111110, flags=SA_RESTART|SA_SIGINFO
    SIGINT: UserHandler in libjvm.so, mask=11100100010111111101111111111110, flags=SA_RESTART|SA_SIGINFO
   SIGTERM: UserHandler in libjvm.so, mask=11100100010111111101111111111110, flags=SA_RESTART|SA_SIGINFO
   SIGQUIT: UserHandler in libjvm.so, mask=11100100010111111101111111111110, flags=SA_RESTART|SA_SIGINFO
  *** Handler was modified!
  *** Expected: javaSignalHandler in libjvm.so, mask=11100100110111111111111111111110, flags=SA_RESTART|SA_SIGINFO
   SIGTRAP: crash_handler in libjvm.so, mask=11100100010111111101111111111110, flags=SA_RESTART|SA_SIGINFO


---------------  S Y S T E M  ---------------

OS:
DISTRIB_ID=Ubuntu
DISTRIB_RELEASE=20.04
DISTRIB_CODENAME=focal
DISTRIB_DESCRIPTION="Ubuntu 20.04.2 LTS"
uname: Linux 5.19.0-1024-gcp #26~22.04.1-Ubuntu SMP Mon May 15 08:59:20 UTC 2023 x86_64
OS uptime: 0 days 0:51 hours
libc: glibc 2.35 NPTL 2.35 
rlimit (soft/hard): STACK 8192k/infinity , CORE infinity/infinity , NPROC infinity/infinity , NOFILE 5242/5242 , AS infinity/infinity , CPU infinity/infinity , DATA infinity/infinity , FSIZE infinity/infinity , MEMLOCK 8192k/8192k
load average: 12.76 11.02 9.61

/proc/meminfo:
MemTotal:       65852236 kB
MemFree:        37295404 kB
MemAvailable:   52941984 kB
Buffers:         2775200 kB
Cached:         12277900 kB
SwapCached:            0 kB
Active:          5917196 kB
Inactive:       19586424 kB
Active(anon):      15152 kB
Inactive(anon): 10323336 kB
Active(file):    5902044 kB
Inactive(file):  9263088 kB
Unevictable:       56144 kB
Mlocked:           56144 kB
SwapTotal:             0 kB
SwapFree:              0 kB
Zswap:                 0 kB
Zswapped:              0 kB
Dirty:              3444 kB
Writeback:             0 kB
AnonPages:      10287300 kB
Mapped:          1383728 kB
Shmem:             23760 kB
KReclaimable:    1208208 kB
Slab:            2111872 kB
SReclaimable:    1208208 kB
SUnreclaim:       903664 kB
KernelStack:      415676 kB
PageTables:       125656 kB
NFS_Unstable:          0 kB
Bounce:                0 kB
WritebackTmp:          0 kB
CommitLimit:    32926116 kB
Committed_AS:   50630124 kB
VmallocTotal:   34359738367 kB
VmallocUsed:      450428 kB
VmallocChunk:          0 kB
Percpu:            43168 kB
HardwareCorrupted:     0 kB
AnonHugePages:    931840 kB
ShmemHugePages:        0 kB
ShmemPmdMapped:        0 kB
FileHugePages:         0 kB
FilePmdMapped:         0 kB
HugePages_Total:       0
HugePages_Free:        0
HugePages_Rsvd:        0
HugePages_Surp:        0
Hugepagesize:       2048 kB
Hugetlb:               0 kB
DirectMap4k:     1721144 kB
DirectMap2M:    27635712 kB
DirectMap1G:    39845888 kB

/sys/kernel/mm/transparent_hugepage/enabled: always [madvise] never
/sys/kernel/mm/transparent_hugepage/defrag (defrag/compaction efforts parameter): always defer defer+madvise [madvise] never

Process Memory:
Virtual Size: 4987976K (peak: 5082924K)
Resident Set Size: 775980K (peak: 841920K) (anon: 579688K, file: 196292K, shmem: 0K)
Swapped out: 0K
C-Heap outstanding allocations: 40096K, retained: 17067K
glibc malloc tunables: (default)

/proc/sys/kernel/threads-max (system-wide limit on the number of threads): 514406
/proc/sys/vm/max_map_count (maximum number of memory map areas a process may have): 65530
/proc/sys/kernel/pid_max (system-wide limit on number of process identifiers): 4194304

container (cgroup) information:
container_type: cgroupv1
cpu_cpuset_cpus: 2-7
cpu_memory_nodes: 0
active_processor_count: 1
cpu_quota: 50000
cpu_period: 100000
cpu_shares: 512
memory_limit_in_bytes: 1048576 k
memory_and_swap_limit_in_bytes: 1048576 k
memory_soft_limit_in_bytes: 524288 k
memory_usage_in_bytes: 624936 k
memory_max_usage_in_bytes: 1048576 k
maximum number of tasks: 1000
current number of tasks: 44

KVM virtualization detected
Steal ticks since vm start: 0
Steal ticks percentage since vm start:  0.000

CPU: total 8 (initial active 1) (8 cores per cpu, 2 threads per core) family 23 model 49 stepping 0 microcode 0xffffffff, cx8, cmov, fxsr, ht, mmx, 3dnowpref, sse, sse2, sse3, ssse3, sse4a, sse4.1, sse4.2, popcnt, lzcnt, tsc, tscinvbit, avx, avx2, aes, clmul, bmi1, bmi2, adx, sha, fma, vzeroupper, clflush, clflushopt, hv
CPU Model and flags from /proc/cpuinfo:
model name	: AMD EPYC 7B12
flags		: fpu vme de pse tsc msr pae mce cx8 apic sep mtrr pge mca cmov pat pse36 clflush mmx fxsr sse sse2 ht syscall nx mmxext fxsr_opt pdpe1gb rdtscp lm constant_tsc rep_good nopl nonstop_tsc cpuid extd_apicid tsc_known_freq pni pclmulqdq ssse3 fma cx16 sse4_1 sse4_2 movbe popcnt aes xsave avx f16c rdrand hypervisor lahf_lm cmp_legacy cr8_legacy abm sse4a misalignsse 3dnowprefetch osvw topoext ssbd ibrs ibpb stibp vmmcall fsgsbase tsc_adjust bmi1 avx2 smep bmi2 rdseed adx smap clflushopt clwb sha_ni xsaveopt xsavec xgetbv1 clzero xsaveerptr arat npt nrip_save umip rdpid

Online cpus: 0-7
Offline cpus: 
BIOS frequency limitation: <Not Available>
Frequency switch latency (ns): <Not Available>
Available cpu frequencies: <Not Available>
Current governor: <Not Available>
Core performance/turbo boost: <Not Available>

Memory: 4k page, physical 1048576k(423636k free), swap 0k(0k free)
Page Sizes: 4k

vm_info: OpenJDK 64-Bit Server VM (17.0.5+8-jvmci-22.3-b08) for linux-amd64 JRE (17.0.5+8-jvmci-22.3-b08), built on Oct 19 2022 09:01:27 by "buildslave" with gcc 10.3.0

END.
